{"/home/travis/build/npmtest/node-npmtest-parker/test.js":{"path":"/home/travis/build/npmtest/node-npmtest-parker/test.js","s":{"1":2,"2":2,"3":2,"4":2,"5":2,"6":2,"7":2,"8":1,"9":2,"10":2,"11":1,"12":1,"13":1,"14":1,"15":2,"16":2,"17":2,"18":2,"19":1,"20":1,"21":2,"22":2,"23":2,"24":1,"25":1,"26":1,"27":1,"28":1,"29":1,"30":1,"31":1,"32":1,"33":1,"34":1,"35":1,"36":1,"37":1,"38":1,"39":2,"40":2,"41":1,"42":2,"43":2,"44":1,"45":2,"46":2,"47":1,"48":2,"49":2,"50":1,"51":1,"52":1,"53":1,"54":1},"b":{"1":[2,1,1,1],"2":[1,1,1,1],"3":[1,1],"4":[1,1],"5":[1,1],"6":[1,1],"7":[1,1],"8":[1,1],"9":[1,1],"10":[1,1,1],"11":[1,1],"12":[1,1],"13":[1,1],"14":[1,1],"15":[1,1],"16":[1,1],"17":[1,1]},"f":{"1":2,"2":2,"3":2,"4":2,"5":2,"6":1,"7":1,"8":1,"9":2,"10":2,"11":2,"12":2,"13":1},"fnMap":{"1":{"name":"(anonymous_1)","line":12,"loc":{"start":{"line":12,"column":1},"end":{"line":12,"column":13}}},"2":{"name":"(anonymous_2)","line":19,"loc":{"start":{"line":19,"column":5},"end":{"line":19,"column":17}}},"3":{"name":"(anonymous_3)","line":23,"loc":{"start":{"line":23,"column":24},"end":{"line":23,"column":36}}},"4":{"name":"(anonymous_4)","line":61,"loc":{"start":{"line":61,"column":5},"end":{"line":61,"column":17}}},"5":{"name":"(anonymous_5)","line":82,"loc":{"start":{"line":82,"column":5},"end":{"line":82,"column":17}}},"6":{"name":"(anonymous_6)","line":91,"loc":{"start":{"line":91,"column":77},"end":{"line":94,"column":10}}},"7":{"name":"(anonymous_7)","line":112,"loc":{"start":{"line":112,"column":83},"end":{"line":115,"column":10}},"skip":true},"8":{"name":"(anonymous_8)","line":123,"loc":{"start":{"line":123,"column":77},"end":{"line":126,"column":10}},"skip":true},"9":{"name":"(anonymous_9)","line":139,"loc":{"start":{"line":139,"column":12},"end":{"line":139,"column":40}},"skip":true},"10":{"name":"(anonymous_10)","line":147,"loc":{"start":{"line":147,"column":77},"end":{"line":150,"column":10}},"skip":true},"11":{"name":"(anonymous_11)","line":158,"loc":{"start":{"line":158,"column":83},"end":{"line":161,"column":10}},"skip":true},"12":{"name":"(anonymous_12)","line":169,"loc":{"start":{"line":169,"column":79},"end":{"line":172,"column":10}},"skip":true},"13":{"name":"(anonymous_13)","line":180,"loc":{"start":{"line":180,"column":75},"end":{"line":183,"column":10}},"skip":true}},"statementMap":{"1":{"start":{"line":12,"column":0},"end":{"line":195,"column":5}},"2":{"start":{"line":14,"column":4},"end":{"line":14,"column":14}},"3":{"start":{"line":19,"column":4},"end":{"line":56,"column":9}},"4":{"start":{"line":21,"column":8},"end":{"line":21,"column":19}},"5":{"start":{"line":23,"column":8},"end":{"line":35,"column":13}},"6":{"start":{"line":24,"column":12},"end":{"line":34,"column":13}},"7":{"start":{"line":25,"column":16},"end":{"line":28,"column":30}},"8":{"start":{"line":30,"column":16},"end":{"line":33,"column":27}},"9":{"start":{"line":37,"column":8},"end":{"line":39,"column":21}},"10":{"start":{"line":40,"column":8},"end":{"line":53,"column":9}},"11":{"start":{"line":43,"column":12},"end":{"line":46,"column":14}},"12":{"start":{"line":47,"column":12},"end":{"line":47,"column":18}},"13":{"start":{"line":50,"column":12},"end":{"line":51,"column":46}},"14":{"start":{"line":52,"column":12},"end":{"line":52,"column":18}},"15":{"start":{"line":55,"column":8},"end":{"line":55,"column":35}},"16":{"start":{"line":61,"column":4},"end":{"line":63,"column":9}},"17":{"start":{"line":62,"column":8},"end":{"line":62,"column":15}},"18":{"start":{"line":64,"column":4},"end":{"line":77,"column":5}},"19":{"start":{"line":70,"column":8},"end":{"line":70,"column":14}},"20":{"start":{"line":76,"column":8},"end":{"line":76,"column":14}},"21":{"start":{"line":82,"column":4},"end":{"line":84,"column":9}},"22":{"start":{"line":83,"column":8},"end":{"line":83,"column":15}},"23":{"start":{"line":85,"column":4},"end":{"line":194,"column":5}},"24":{"start":{"line":91,"column":8},"end":{"line":99,"column":10}},"25":{"start":{"line":98,"column":12},"end":{"line":98,"column":35}},"26":{"start":{"line":102,"column":8},"end":{"line":104,"column":63}},"27":{"start":{"line":105,"column":8},"end":{"line":105,"column":14}},"28":{"start":{"line":112,"column":8},"end":{"line":121,"column":10},"skip":true},"29":{"start":{"line":119,"column":12},"end":{"line":119,"column":55},"skip":true},"30":{"start":{"line":120,"column":12},"end":{"line":120,"column":48},"skip":true},"31":{"start":{"line":123,"column":8},"end":{"line":136,"column":10},"skip":true},"32":{"start":{"line":130,"column":12},"end":{"line":130,"column":76},"skip":true},"33":{"start":{"line":131,"column":12},"end":{"line":131,"column":73},"skip":true},"34":{"start":{"line":132,"column":12},"end":{"line":132,"column":74},"skip":true},"35":{"start":{"line":133,"column":12},"end":{"line":133,"column":79},"skip":true},"36":{"start":{"line":134,"column":12},"end":{"line":134,"column":25},"skip":true},"37":{"start":{"line":135,"column":12},"end":{"line":135,"column":45},"skip":true},"38":{"start":{"line":138,"column":8},"end":{"line":145,"column":14},"skip":true},"39":{"start":{"line":143,"column":16},"end":{"line":143,"column":29},"skip":true},"40":{"start":{"line":144,"column":16},"end":{"line":144,"column":55},"skip":true},"41":{"start":{"line":147,"column":8},"end":{"line":156,"column":10},"skip":true},"42":{"start":{"line":154,"column":12},"end":{"line":154,"column":25},"skip":true},"43":{"start":{"line":155,"column":12},"end":{"line":155,"column":45},"skip":true},"44":{"start":{"line":158,"column":8},"end":{"line":167,"column":10},"skip":true},"45":{"start":{"line":165,"column":12},"end":{"line":165,"column":25},"skip":true},"46":{"start":{"line":166,"column":12},"end":{"line":166,"column":48},"skip":true},"47":{"start":{"line":169,"column":8},"end":{"line":178,"column":10},"skip":true},"48":{"start":{"line":176,"column":12},"end":{"line":176,"column":25},"skip":true},"49":{"start":{"line":177,"column":12},"end":{"line":177,"column":46},"skip":true},"50":{"start":{"line":180,"column":8},"end":{"line":189,"column":10},"skip":true},"51":{"start":{"line":187,"column":12},"end":{"line":187,"column":94},"skip":true},"52":{"start":{"line":188,"column":12},"end":{"line":188,"column":48},"skip":true},"53":{"start":{"line":192,"column":8},"end":{"line":192,"column":35},"skip":true},"54":{"start":{"line":193,"column":8},"end":{"line":193,"column":14},"skip":true}},"branchMap":{"1":{"line":25,"type":"binary-expr","locations":[{"start":{"line":25,"column":23},"end":{"line":25,"column":62}},{"start":{"line":26,"column":20},"end":{"line":26,"column":70}},{"start":{"line":27,"column":20},"end":{"line":27,"column":71}},{"start":{"line":28,"column":20},"end":{"line":28,"column":29}}]},"2":{"line":30,"type":"binary-expr","locations":[{"start":{"line":30,"column":23},"end":{"line":30,"column":37}},{"start":{"line":31,"column":20},"end":{"line":31,"column":61}},{"start":{"line":32,"column":20},"end":{"line":32,"column":70}},{"start":{"line":33,"column":20},"end":{"line":33,"column":26}}]},"3":{"line":37,"type":"cond-expr","locations":[{"start":{"line":38,"column":14},"end":{"line":38,"column":20}},{"start":{"line":39,"column":14},"end":{"line":39,"column":20}}]},"4":{"line":40,"type":"switch","locations":[{"start":{"line":42,"column":8},"end":{"line":47,"column":18}},{"start":{"line":49,"column":8},"end":{"line":52,"column":18}}]},"5":{"line":44,"type":"binary-expr","locations":[{"start":{"line":44,"column":16},"end":{"line":44,"column":44}},{"start":{"line":44,"column":48},"end":{"line":44,"column":66}}]},"6":{"line":50,"type":"binary-expr","locations":[{"start":{"line":50,"column":21},"end":{"line":50,"column":49}},{"start":{"line":50,"column":53},"end":{"line":50,"column":72}}]},"7":{"line":64,"type":"switch","locations":[{"start":{"line":69,"column":4},"end":{"line":70,"column":14}},{"start":{"line":75,"column":4},"end":{"line":76,"column":14}}]},"8":{"line":85,"type":"switch","locations":[{"start":{"line":90,"column":4},"end":{"line":105,"column":14}},{"start":{"line":111,"column":4},"end":{"line":193,"column":14},"skip":true}]},"9":{"line":91,"type":"binary-expr","locations":[{"start":{"line":91,"column":42},"end":{"line":91,"column":73}},{"start":{"line":91,"column":77},"end":{"line":99,"column":9}}]},"10":{"line":102,"type":"binary-expr","locations":[{"start":{"line":102,"column":18},"end":{"line":102,"column":32}},{"start":{"line":103,"column":12},"end":{"line":103,"column":53}},{"start":{"line":104,"column":12},"end":{"line":104,"column":61}}]},"11":{"line":112,"type":"binary-expr","locations":[{"start":{"line":112,"column":45},"end":{"line":112,"column":79},"skip":true},{"start":{"line":112,"column":83},"end":{"line":121,"column":9},"skip":true}]},"12":{"line":123,"type":"binary-expr","locations":[{"start":{"line":123,"column":42},"end":{"line":123,"column":73},"skip":true},{"start":{"line":123,"column":77},"end":{"line":136,"column":9},"skip":true}]},"13":{"line":138,"type":"binary-expr","locations":[{"start":{"line":138,"column":48},"end":{"line":138,"column":85},"skip":true},{"start":{"line":139,"column":12},"end":{"line":145,"column":13},"skip":true}]},"14":{"line":147,"type":"binary-expr","locations":[{"start":{"line":147,"column":42},"end":{"line":147,"column":73},"skip":true},{"start":{"line":147,"column":77},"end":{"line":156,"column":9},"skip":true}]},"15":{"line":158,"type":"binary-expr","locations":[{"start":{"line":158,"column":45},"end":{"line":158,"column":79},"skip":true},{"start":{"line":158,"column":83},"end":{"line":167,"column":9},"skip":true}]},"16":{"line":169,"type":"binary-expr","locations":[{"start":{"line":169,"column":43},"end":{"line":169,"column":75},"skip":true},{"start":{"line":169,"column":79},"end":{"line":178,"column":9},"skip":true}]},"17":{"line":180,"type":"binary-expr","locations":[{"start":{"line":180,"column":41},"end":{"line":180,"column":71},"skip":true},{"start":{"line":180,"column":75},"end":{"line":189,"column":9},"skip":true}]}},"code":["/* istanbul instrument in package npmtest_parker */","/*jslint","    bitwise: true,","    browser: true,","    maxerr: 8,","    maxlen: 96,","    node: true,","    nomen: true,","    regexp: true,","    stupid: true","*/","(function () {","    'use strict';","    var local;","","","","    // run shared js-env code - pre-init","    (function () {","        // init local","        local = {};","        // init modeJs","        local.modeJs = (function () {","            try {","                return typeof navigator.userAgent === 'string' &&","                    typeof document.querySelector('body') === 'object' &&","                    typeof XMLHttpRequest.prototype.open === 'function' &&","                    'browser';","            } catch (errorCaughtBrowser) {","                return module.exports &&","                    typeof process.versions.node === 'string' &&","                    typeof require('http').createServer === 'function' &&","                    'node';","            }","        }());","        // init global","        local.global = local.modeJs === 'browser'","            ? window","            : global;","        switch (local.modeJs) {","        // re-init local from window.local","        case 'browser':","            local = local.global.utility2.objectSetDefault(","                local.global.utility2_rollup || local.global.local,","                local.global.utility2","            );","            break;","        // re-init local from example.js","        case 'node':","            local = (local.global.utility2_rollup || require('utility2'))","                .requireExampleJsFromReadme();","            break;","        }","        // export local","        local.global.local = local;","    }());","","","","    // run shared js-env code - function","    (function () {","        return;","    }());","    switch (local.modeJs) {","","","","    // run browser js-env code - function","    case 'browser':","        break;","","","","    // run node js-env code - function","    case 'node':","        break;","    }","","","","    // run shared js-env code - post-init","    (function () {","        return;","    }());","    switch (local.modeJs) {","","","","    // run browser js-env code - post-init","    case 'browser':","        local.testCase_browser_nullCase = local.testCase_browser_nullCase || function (","            options,","            onError","        ) {","        /*","         * this function will test browsers's null-case handling-behavior-behavior","         */","            onError(null, options);","        };","","        // run tests","        local.nop(local.modeTest &&","            document.querySelector('#testRunButton1') &&","            document.querySelector('#testRunButton1').click());","        break;","","","","    // run node js-env code - post-init","    /* istanbul ignore next */","    case 'node':","        local.testCase_buildApidoc_default = local.testCase_buildApidoc_default || function (","            options,","            onError","        ) {","        /*","         * this function will test buildApidoc's default handling-behavior-behavior","         */","            options = { modulePathList: module.paths };","            local.buildApidoc(options, onError);","        };","","        local.testCase_buildApp_default = local.testCase_buildApp_default || function (","            options,","            onError","        ) {","        /*","         * this function will test buildApp's default handling-behavior-behavior","         */","            local.testCase_buildReadme_default(options, local.onErrorThrow);","            local.testCase_buildLib_default(options, local.onErrorThrow);","            local.testCase_buildTest_default(options, local.onErrorThrow);","            local.testCase_buildCustomOrg_default(options, local.onErrorThrow);","            options = [];","            local.buildApp(options, onError);","        };","","        local.testCase_buildCustomOrg_default = local.testCase_buildCustomOrg_default ||","            function (options, onError) {","            /*","             * this function will test buildCustomOrg's default handling-behavior","             */","                options = {};","                local.buildCustomOrg(options, onError);","            };","","        local.testCase_buildLib_default = local.testCase_buildLib_default || function (","            options,","            onError","        ) {","        /*","         * this function will test buildLib's default handling-behavior","         */","            options = {};","            local.buildLib(options, onError);","        };","","        local.testCase_buildReadme_default = local.testCase_buildReadme_default || function (","            options,","            onError","        ) {","        /*","         * this function will test buildReadme's default handling-behavior-behavior","         */","            options = {};","            local.buildReadme(options, onError);","        };","","        local.testCase_buildTest_default = local.testCase_buildTest_default || function (","            options,","            onError","        ) {","        /*","         * this function will test buildTest's default handling-behavior","         */","            options = {};","            local.buildTest(options, onError);","        };","","        local.testCase_webpage_default = local.testCase_webpage_default || function (","            options,","            onError","        ) {","        /*","         * this function will test webpage's default handling-behavior","         */","            options = { modeCoverageMerge: true, url: local.serverLocalHost + '?modeTest=1' };","            local.browserTest(options, onError);","        };","","        // run test-server","        local.testRunServer(local);","        break;","    }","}());",""],"l":{"12":2,"14":2,"19":2,"21":2,"23":2,"24":2,"25":2,"30":1,"37":2,"40":2,"43":1,"47":1,"50":1,"52":1,"55":2,"61":2,"62":2,"64":2,"70":1,"76":1,"82":2,"83":2,"85":2,"91":1,"98":1,"102":1,"105":1,"112":1,"119":1,"120":1,"123":1,"130":1,"131":1,"132":1,"133":1,"134":1,"135":1,"138":1,"143":2,"144":2,"147":1,"154":2,"155":2,"158":1,"165":2,"166":2,"169":1,"176":2,"177":2,"180":1,"187":1,"188":1,"192":1,"193":1}},"/home/travis/build/npmtest/node-npmtest-parker/lib.npmtest_parker.js":{"path":"/home/travis/build/npmtest/node-npmtest-parker/lib.npmtest_parker.js","s":{"1":2,"2":2,"3":2,"4":2,"5":2,"6":2,"7":2,"8":1,"9":2,"10":2,"11":2,"12":2,"13":1,"14":1,"15":1,"16":1},"b":{"1":[2,1,1,1],"2":[1,1,1,1],"3":[1,1],"4":[2,2],"5":[1,1]},"f":{"1":2,"2":2,"3":2},"fnMap":{"1":{"name":"(anonymous_1)","line":12,"loc":{"start":{"line":12,"column":1},"end":{"line":12,"column":13}}},"2":{"name":"(anonymous_2)","line":19,"loc":{"start":{"line":19,"column":5},"end":{"line":19,"column":17}}},"3":{"name":"(anonymous_3)","line":23,"loc":{"start":{"line":23,"column":24},"end":{"line":23,"column":36}}}},"statementMap":{"1":{"start":{"line":12,"column":0},"end":{"line":53,"column":5}},"2":{"start":{"line":14,"column":4},"end":{"line":14,"column":14}},"3":{"start":{"line":19,"column":4},"end":{"line":52,"column":9}},"4":{"start":{"line":21,"column":8},"end":{"line":21,"column":19}},"5":{"start":{"line":23,"column":8},"end":{"line":35,"column":13}},"6":{"start":{"line":24,"column":12},"end":{"line":34,"column":13}},"7":{"start":{"line":25,"column":16},"end":{"line":28,"column":30}},"8":{"start":{"line":30,"column":16},"end":{"line":33,"column":27}},"9":{"start":{"line":37,"column":8},"end":{"line":39,"column":21}},"10":{"start":{"line":41,"column":8},"end":{"line":41,"column":54}},"11":{"start":{"line":43,"column":8},"end":{"line":43,"column":51}},"12":{"start":{"line":45,"column":8},"end":{"line":51,"column":9}},"13":{"start":{"line":46,"column":12},"end":{"line":46,"column":57}},"14":{"start":{"line":48,"column":12},"end":{"line":48,"column":35}},"15":{"start":{"line":49,"column":12},"end":{"line":49,"column":49}},"16":{"start":{"line":50,"column":12},"end":{"line":50,"column":43}}},"branchMap":{"1":{"line":25,"type":"binary-expr","locations":[{"start":{"line":25,"column":23},"end":{"line":25,"column":62}},{"start":{"line":26,"column":20},"end":{"line":26,"column":70}},{"start":{"line":27,"column":20},"end":{"line":27,"column":71}},{"start":{"line":28,"column":20},"end":{"line":28,"column":29}}]},"2":{"line":30,"type":"binary-expr","locations":[{"start":{"line":30,"column":23},"end":{"line":30,"column":37}},{"start":{"line":31,"column":20},"end":{"line":31,"column":61}},{"start":{"line":32,"column":20},"end":{"line":32,"column":70}},{"start":{"line":33,"column":20},"end":{"line":33,"column":26}}]},"3":{"line":37,"type":"cond-expr","locations":[{"start":{"line":38,"column":14},"end":{"line":38,"column":20}},{"start":{"line":39,"column":14},"end":{"line":39,"column":20}}]},"4":{"line":41,"type":"binary-expr","locations":[{"start":{"line":41,"column":16},"end":{"line":41,"column":44}},{"start":{"line":41,"column":48},"end":{"line":41,"column":53}}]},"5":{"line":45,"type":"if","locations":[{"start":{"line":45,"column":8},"end":{"line":45,"column":8}},{"start":{"line":45,"column":8},"end":{"line":45,"column":8}}]}},"code":["/* istanbul instrument in package npmtest_parker */","/*jslint","    bitwise: true,","    browser: true,","    maxerr: 8,","    maxlen: 96,","    node: true,","    nomen: true,","    regexp: true,","    stupid: true","*/","(function () {","    'use strict';","    var local;","","","","    // run shared js-env code - pre-init","    (function () {","        // init local","        local = {};","        // init modeJs","        local.modeJs = (function () {","            try {","                return typeof navigator.userAgent === 'string' &&","                    typeof document.querySelector('body') === 'object' &&","                    typeof XMLHttpRequest.prototype.open === 'function' &&","                    'browser';","            } catch (errorCaughtBrowser) {","                return module.exports &&","                    typeof process.versions.node === 'string' &&","                    typeof require('http').createServer === 'function' &&","                    'node';","            }","        }());","        // init global","        local.global = local.modeJs === 'browser'","            ? window","            : global;","        // init utility2_rollup","        local = local.global.utility2_rollup || local;","        // init lib","        local.local = local.npmtest_parker = local;","        // init exports","        if (local.modeJs === 'browser') {","            local.global.utility2_npmtest_parker = local;","        } else {","            module.exports = local;","            module.exports.__dirname = __dirname;","            module.exports.module = module;","        }","    }());","}());",""],"l":{"12":2,"14":2,"19":2,"21":2,"23":2,"24":2,"25":2,"30":1,"37":2,"41":2,"43":2,"45":2,"46":1,"48":1,"49":1,"50":1}},"/home/travis/build/npmtest/node-npmtest-parker/example.js":{"path":"/home/travis/build/npmtest/node-npmtest-parker/example.js","s":{"1":2,"2":2,"3":2,"4":2,"5":2,"6":2,"7":2,"8":1,"9":2,"10":2,"11":2,"12":2,"13":1,"14":2,"15":2,"16":2,"17":2,"18":2,"19":0,"20":2,"21":1,"22":1,"23":1,"24":1,"25":1,"26":0,"27":0,"28":1,"29":1,"30":2,"31":0,"32":0,"33":0,"34":1,"35":2,"36":2,"37":3,"38":3,"39":3,"40":3,"41":0,"42":3,"43":3,"44":3,"45":1,"46":3,"47":1,"48":1,"49":1,"50":1,"51":1,"52":1,"53":1,"54":1,"55":1,"56":1,"57":0,"58":1,"59":6,"60":6,"61":1,"62":2,"63":0,"64":2,"65":1,"66":1,"67":0,"68":0,"69":0,"70":0,"71":0,"72":0,"73":0,"74":0,"75":0,"76":0,"77":0,"78":0,"79":0,"80":0,"81":0,"82":0,"83":0},"b":{"1":[2,1,1,1],"2":[1,1,1,1],"3":[1,1],"4":[2,2],"5":[1,1],"6":[1,1],"7":[2,0],"8":[2,1,1,1,1,1],"9":[0,2,0],"10":[1,1],"11":[2,1,1],"12":[1,0],"13":[0,2],"14":[2,0,0,0,0,0,0],"15":[0,3],"16":[3,0],"17":[1,1],"18":[0,1],"19":[1,2,0,2],"20":[1,0],"21":[1,1],"22":[0,0],"23":[0,0],"24":[0,0],"25":[0,0],"26":[0,0],"27":[0,0],"28":[0,0]},"f":{"1":2,"2":2,"3":2,"4":2,"5":2,"6":2,"7":3,"8":3,"9":3,"10":1,"11":6,"12":0},"fnMap":{"1":{"name":"(anonymous_1)","line":26,"loc":{"start":{"line":26,"column":1},"end":{"line":26,"column":13}}},"2":{"name":"(anonymous_2)","line":33,"loc":{"start":{"line":33,"column":5},"end":{"line":33,"column":17}}},"3":{"name":"(anonymous_3)","line":37,"loc":{"start":{"line":37,"column":24},"end":{"line":37,"column":36}}},"4":{"name":"(anonymous_4)","line":69,"loc":{"start":{"line":69,"column":31},"end":{"line":69,"column":48}},"skip":true},"5":{"name":"(anonymous_5)","line":78,"loc":{"start":{"line":78,"column":26},"end":{"line":78,"column":45}},"skip":true},"6":{"name":"(anonymous_6)","line":123,"loc":{"start":{"line":123,"column":33},"end":{"line":123,"column":48}},"skip":true},"7":{"name":"(anonymous_7)","line":125,"loc":{"start":{"line":125,"column":27},"end":{"line":125,"column":39}},"skip":true},"8":{"name":"(anonymous_8)","line":133,"loc":{"start":{"line":133,"column":59},"end":{"line":133,"column":74}},"skip":true},"9":{"name":"(anonymous_9)","line":143,"loc":{"start":{"line":143,"column":45},"end":{"line":143,"column":62}},"skip":true},"10":{"name":"(anonymous_10)","line":144,"loc":{"start":{"line":144,"column":73},"end":{"line":144,"column":92}},"skip":true},"11":{"name":"(anonymous_11)","line":272,"loc":{"start":{"line":272,"column":51},"end":{"line":272,"column":77}},"skip":true},"12":{"name":"(anonymous_12)","line":315,"loc":{"start":{"line":315,"column":32},"end":{"line":315,"column":61}},"skip":true}},"statementMap":{"1":{"start":{"line":26,"column":0},"end":{"line":326,"column":5}},"2":{"start":{"line":28,"column":4},"end":{"line":28,"column":14}},"3":{"start":{"line":33,"column":4},"end":{"line":60,"column":9}},"4":{"start":{"line":35,"column":8},"end":{"line":35,"column":19}},"5":{"start":{"line":37,"column":8},"end":{"line":49,"column":13}},"6":{"start":{"line":38,"column":12},"end":{"line":48,"column":13}},"7":{"start":{"line":39,"column":16},"end":{"line":42,"column":30}},"8":{"start":{"line":44,"column":16},"end":{"line":47,"column":27}},"9":{"start":{"line":51,"column":8},"end":{"line":53,"column":21}},"10":{"start":{"line":55,"column":8},"end":{"line":57,"column":45}},"11":{"start":{"line":59,"column":8},"end":{"line":59,"column":35}},"12":{"start":{"line":61,"column":4},"end":{"line":325,"column":5}},"13":{"start":{"line":69,"column":8},"end":{"line":121,"column":10},"skip":true},"14":{"start":{"line":70,"column":12},"end":{"line":88,"column":13},"skip":true},"15":{"start":{"line":76,"column":16},"end":{"line":87,"column":19},"skip":true},"16":{"start":{"line":79,"column":20},"end":{"line":86,"column":21},"skip":true},"17":{"start":{"line":82,"column":24},"end":{"line":82,"column":43},"skip":true},"18":{"start":{"line":83,"column":24},"end":{"line":83,"column":30},"skip":true},"19":{"start":{"line":85,"column":24},"end":{"line":85,"column":49},"skip":true},"20":{"start":{"line":89,"column":12},"end":{"line":107,"column":13},"skip":true},"21":{"start":{"line":92,"column":16},"end":{"line":102,"column":17},"skip":true},"22":{"start":{"line":93,"column":20},"end":{"line":93,"column":86},"skip":true},"23":{"start":{"line":94,"column":20},"end":{"line":95,"column":45},"skip":true},"24":{"start":{"line":96,"column":20},"end":{"line":96,"column":42},"skip":true},"25":{"start":{"line":97,"column":20},"end":{"line":97,"column":48},"skip":true},"26":{"start":{"line":100,"column":20},"end":{"line":100,"column":85},"skip":true},"27":{"start":{"line":101,"column":20},"end":{"line":101,"column":96},"skip":true},"28":{"start":{"line":103,"column":16},"end":{"line":103,"column":22},"skip":true},"29":{"start":{"line":106,"column":16},"end":{"line":106,"column":22},"skip":true},"30":{"start":{"line":108,"column":12},"end":{"line":120,"column":13},"skip":true},"31":{"start":{"line":114,"column":16},"end":{"line":119,"column":17},"skip":true},"32":{"start":{"line":116,"column":20},"end":{"line":116,"column":78},"skip":true},"33":{"start":{"line":118,"column":20},"end":{"line":118,"column":47},"skip":true},"34":{"start":{"line":123,"column":8},"end":{"line":141,"column":11},"skip":true},"35":{"start":{"line":124,"column":12},"end":{"line":124,"column":54},"skip":true},"36":{"start":{"line":125,"column":12},"end":{"line":140,"column":14},"skip":true},"37":{"start":{"line":126,"column":16},"end":{"line":126,"column":28},"skip":true},"38":{"start":{"line":127,"column":16},"end":{"line":127,"column":69},"skip":true},"39":{"start":{"line":128,"column":16},"end":{"line":128,"column":75},"skip":true},"40":{"start":{"line":129,"column":16},"end":{"line":131,"column":17},"skip":true},"41":{"start":{"line":130,"column":20},"end":{"line":130,"column":27},"skip":true},"42":{"start":{"line":133,"column":16},"end":{"line":137,"column":36},"skip":true},"43":{"start":{"line":134,"column":20},"end":{"line":136,"column":55},"skip":true},"44":{"start":{"line":139,"column":16},"end":{"line":139,"column":57},"skip":true},"45":{"start":{"line":143,"column":8},"end":{"line":147,"column":11},"skip":true},"46":{"start":{"line":144,"column":12},"end":{"line":146,"column":15},"skip":true},"47":{"start":{"line":145,"column":16},"end":{"line":145,"column":70},"skip":true},"48":{"start":{"line":149,"column":8},"end":{"line":149,"column":31},"skip":true},"49":{"start":{"line":150,"column":8},"end":{"line":150,"column":14},"skip":true},"50":{"start":{"line":158,"column":8},"end":{"line":158,"column":31},"skip":true},"51":{"start":{"line":160,"column":8},"end":{"line":160,"column":33},"skip":true},"52":{"start":{"line":161,"column":8},"end":{"line":161,"column":37},"skip":true},"53":{"start":{"line":162,"column":8},"end":{"line":162,"column":35},"skip":true},"54":{"start":{"line":164,"column":8},"end":{"line":164,"column":50},"skip":true},"55":{"start":{"line":166,"column":8},"end":{"line":256,"column":2},"skip":true},"56":{"start":{"line":258,"column":8},"end":{"line":286,"column":9},"skip":true},"57":{"start":{"line":259,"column":12},"end":{"line":269,"column":14},"skip":true},"58":{"start":{"line":271,"column":12},"end":{"line":285,"column":19},"skip":true},"59":{"start":{"line":274,"column":20},"end":{"line":274,"column":35},"skip":true},"60":{"start":{"line":275,"column":20},"end":{"line":284,"column":21},"skip":true},"61":{"start":{"line":277,"column":24},"end":{"line":277,"column":64},"skip":true},"62":{"start":{"line":279,"column":24},"end":{"line":279,"column":40},"skip":true},"63":{"start":{"line":281,"column":24},"end":{"line":281,"column":40},"skip":true},"64":{"start":{"line":283,"column":24},"end":{"line":283,"column":39},"skip":true},"65":{"start":{"line":288,"column":8},"end":{"line":290,"column":9},"skip":true},"66":{"start":{"line":289,"column":12},"end":{"line":289,"column":18},"skip":true},"67":{"start":{"line":291,"column":8},"end":{"line":293,"column":54},"skip":true},"68":{"start":{"line":296,"column":8},"end":{"line":301,"column":37},"skip":true},"69":{"start":{"line":303,"column":8},"end":{"line":303,"column":82},"skip":true},"70":{"start":{"line":306,"column":8},"end":{"line":308,"column":9},"skip":true},"71":{"start":{"line":307,"column":12},"end":{"line":307,"column":82},"skip":true},"72":{"start":{"line":310,"column":8},"end":{"line":312,"column":9},"skip":true},"73":{"start":{"line":311,"column":12},"end":{"line":311,"column":18},"skip":true},"74":{"start":{"line":313,"column":8},"end":{"line":313,"column":54},"skip":true},"75":{"start":{"line":314,"column":8},"end":{"line":314,"column":69},"skip":true},"76":{"start":{"line":315,"column":8},"end":{"line":323,"column":36},"skip":true},"77":{"start":{"line":316,"column":12},"end":{"line":316,"column":61},"skip":true},"78":{"start":{"line":317,"column":12},"end":{"line":320,"column":13},"skip":true},"79":{"start":{"line":318,"column":16},"end":{"line":318,"column":75},"skip":true},"80":{"start":{"line":319,"column":16},"end":{"line":319,"column":23},"skip":true},"81":{"start":{"line":321,"column":12},"end":{"line":321,"column":38},"skip":true},"82":{"start":{"line":322,"column":12},"end":{"line":322,"column":27},"skip":true},"83":{"start":{"line":324,"column":8},"end":{"line":324,"column":14},"skip":true}},"branchMap":{"1":{"line":39,"type":"binary-expr","locations":[{"start":{"line":39,"column":23},"end":{"line":39,"column":62}},{"start":{"line":40,"column":20},"end":{"line":40,"column":70}},{"start":{"line":41,"column":20},"end":{"line":41,"column":71}},{"start":{"line":42,"column":20},"end":{"line":42,"column":29}}]},"2":{"line":44,"type":"binary-expr","locations":[{"start":{"line":44,"column":23},"end":{"line":44,"column":37}},{"start":{"line":45,"column":20},"end":{"line":45,"column":61}},{"start":{"line":46,"column":20},"end":{"line":46,"column":70}},{"start":{"line":47,"column":20},"end":{"line":47,"column":26}}]},"3":{"line":51,"type":"cond-expr","locations":[{"start":{"line":52,"column":14},"end":{"line":52,"column":20}},{"start":{"line":53,"column":14},"end":{"line":53,"column":20}}]},"4":{"line":55,"type":"binary-expr","locations":[{"start":{"line":55,"column":16},"end":{"line":55,"column":44}},{"start":{"line":55,"column":49},"end":{"line":57,"column":43}}]},"5":{"line":55,"type":"cond-expr","locations":[{"start":{"line":56,"column":14},"end":{"line":56,"column":50}},{"start":{"line":57,"column":14},"end":{"line":57,"column":43}}]},"6":{"line":61,"type":"switch","locations":[{"start":{"line":68,"column":4},"end":{"line":150,"column":14},"skip":true},{"start":{"line":156,"column":4},"end":{"line":324,"column":14},"skip":true}]},"7":{"line":70,"type":"if","locations":[{"start":{"line":70,"column":12},"end":{"line":70,"column":12},"skip":true},{"start":{"line":70,"column":12},"end":{"line":70,"column":12},"skip":true}]},"8":{"line":70,"type":"binary-expr","locations":[{"start":{"line":70,"column":16},"end":{"line":70,"column":22},"skip":true},{"start":{"line":70,"column":27},"end":{"line":70,"column":32},"skip":true},{"start":{"line":71,"column":20},"end":{"line":71,"column":39},"skip":true},{"start":{"line":72,"column":20},"end":{"line":72,"column":49},"skip":true},{"start":{"line":73,"column":20},"end":{"line":73,"column":58},"skip":true},{"start":{"line":74,"column":20},"end":{"line":74,"column":69},"skip":true}]},"9":{"line":79,"type":"switch","locations":[{"start":{"line":80,"column":20},"end":{"line":80,"column":33},"skip":true},{"start":{"line":81,"column":20},"end":{"line":83,"column":30},"skip":true},{"start":{"line":84,"column":20},"end":{"line":85,"column":49},"skip":true}]},"10":{"line":89,"type":"switch","locations":[{"start":{"line":90,"column":12},"end":{"line":103,"column":22},"skip":true},{"start":{"line":105,"column":12},"end":{"line":106,"column":22},"skip":true}]},"11":{"line":89,"type":"binary-expr","locations":[{"start":{"line":89,"column":20},"end":{"line":89,"column":25},"skip":true},{"start":{"line":89,"column":29},"end":{"line":89,"column":48},"skip":true},{"start":{"line":89,"column":52},"end":{"line":89,"column":74},"skip":true}]},"12":{"line":92,"type":"if","locations":[{"start":{"line":92,"column":16},"end":{"line":92,"column":16},"skip":true},{"start":{"line":92,"column":16},"end":{"line":92,"column":16},"skip":true}]},"13":{"line":108,"type":"if","locations":[{"start":{"line":108,"column":12},"end":{"line":108,"column":12},"skip":true},{"start":{"line":108,"column":12},"end":{"line":108,"column":12},"skip":true}]},"14":{"line":108,"type":"binary-expr","locations":[{"start":{"line":108,"column":16},"end":{"line":108,"column":61},"skip":true},{"start":{"line":108,"column":66},"end":{"line":108,"column":72},"skip":true},{"start":{"line":108,"column":77},"end":{"line":108,"column":82},"skip":true},{"start":{"line":109,"column":20},"end":{"line":109,"column":39},"skip":true},{"start":{"line":110,"column":20},"end":{"line":110,"column":49},"skip":true},{"start":{"line":111,"column":20},"end":{"line":111,"column":58},"skip":true},{"start":{"line":112,"column":20},"end":{"line":112,"column":68},"skip":true}]},"15":{"line":129,"type":"if","locations":[{"start":{"line":129,"column":16},"end":{"line":129,"column":16},"skip":true},{"start":{"line":129,"column":16},"end":{"line":129,"column":16},"skip":true}]},"16":{"line":134,"type":"cond-expr","locations":[{"start":{"line":135,"column":26},"end":{"line":135,"column":29},"skip":true},{"start":{"line":136,"column":26},"end":{"line":136,"column":54},"skip":true}]},"17":{"line":164,"type":"binary-expr","locations":[{"start":{"line":164,"column":27},"end":{"line":164,"column":43},"skip":true},{"start":{"line":164,"column":47},"end":{"line":164,"column":49},"skip":true}]},"18":{"line":258,"type":"if","locations":[{"start":{"line":258,"column":8},"end":{"line":258,"column":8},"skip":true},{"start":{"line":258,"column":8},"end":{"line":258,"column":8},"skip":true}]},"19":{"line":275,"type":"switch","locations":[{"start":{"line":276,"column":20},"end":{"line":277,"column":64},"skip":true},{"start":{"line":278,"column":20},"end":{"line":279,"column":40},"skip":true},{"start":{"line":280,"column":20},"end":{"line":281,"column":40},"skip":true},{"start":{"line":282,"column":20},"end":{"line":283,"column":39},"skip":true}]},"20":{"line":288,"type":"if","locations":[{"start":{"line":288,"column":8},"end":{"line":288,"column":8},"skip":true},{"start":{"line":288,"column":8},"end":{"line":288,"column":8},"skip":true}]},"21":{"line":288,"type":"binary-expr","locations":[{"start":{"line":288,"column":12},"end":{"line":288,"column":40},"skip":true},{"start":{"line":288,"column":44},"end":{"line":288,"column":67},"skip":true}]},"22":{"line":292,"type":"binary-expr","locations":[{"start":{"line":292,"column":12},"end":{"line":292,"column":50},"skip":true},{"start":{"line":293,"column":12},"end":{"line":293,"column":53},"skip":true}]},"23":{"line":297,"type":"binary-expr","locations":[{"start":{"line":297,"column":12},"end":{"line":297,"column":64},"skip":true},{"start":{"line":298,"column":12},"end":{"line":301,"column":36},"skip":true}]},"24":{"line":303,"type":"binary-expr","locations":[{"start":{"line":303,"column":43},"end":{"line":303,"column":75},"skip":true},{"start":{"line":303,"column":79},"end":{"line":303,"column":81},"skip":true}]},"25":{"line":306,"type":"if","locations":[{"start":{"line":306,"column":8},"end":{"line":306,"column":8},"skip":true},{"start":{"line":306,"column":8},"end":{"line":306,"column":8},"skip":true}]},"26":{"line":310,"type":"if","locations":[{"start":{"line":310,"column":8},"end":{"line":310,"column":8},"skip":true},{"start":{"line":310,"column":8},"end":{"line":310,"column":8},"skip":true}]},"27":{"line":313,"type":"binary-expr","locations":[{"start":{"line":313,"column":27},"end":{"line":313,"column":43},"skip":true},{"start":{"line":313,"column":47},"end":{"line":313,"column":53},"skip":true}]},"28":{"line":317,"type":"if","locations":[{"start":{"line":317,"column":12},"end":{"line":317,"column":12},"skip":true},{"start":{"line":317,"column":12},"end":{"line":317,"column":12},"skip":true}]}},"code":["/*","example.js","","quickstart example","","instruction","    1. save this script as example.js","    2. run the shell command:","        $ npm install npmtest-parker && PORT=8081 node example.js","    3. play with the browser-demo on http://127.0.0.1:8081","*/","","","","/* istanbul instrument in package npmtest_parker */","/*jslint","    bitwise: true,","    browser: true,","    maxerr: 8,","    maxlen: 96,","    node: true,","    nomen: true,","    regexp: true,","    stupid: true","*/","(function () {","    'use strict';","    var local;","","","","    // run shared js-env code - pre-init","    (function () {","        // init local","        local = {};","        // init modeJs","        local.modeJs = (function () {","            try {","                return typeof navigator.userAgent === 'string' &&","                    typeof document.querySelector('body') === 'object' &&","                    typeof XMLHttpRequest.prototype.open === 'function' &&","                    'browser';","            } catch (errorCaughtBrowser) {","                return module.exports &&","                    typeof process.versions.node === 'string' &&","                    typeof require('http').createServer === 'function' &&","                    'node';","            }","        }());","        // init global","        local.global = local.modeJs === 'browser'","            ? window","            : global;","        // init utility2_rollup","        local = local.global.utility2_rollup || (local.modeJs === 'browser'","            ? local.global.utility2_npmtest_parker","            : global.utility2_moduleExports);","        // export local","        local.global.local = local;","    }());","    switch (local.modeJs) {","","","","    // post-init","    // run browser js-env code - post-init","    /* istanbul ignore next */","    case 'browser':","        local.testRunBrowser = function (event) {","            if (!event || (event &&","                    event.currentTarget &&","                    event.currentTarget.className &&","                    event.currentTarget.className.includes &&","                    event.currentTarget.className.includes('onreset'))) {","                // reset output","                Array.from(","                    document.querySelectorAll('body > .resettable')","                ).forEach(function (element) {","                    switch (element.tagName) {","                    case 'INPUT':","                    case 'TEXTAREA':","                        element.value = '';","                        break;","                    default:","                        element.textContent = '';","                    }","                });","            }","            switch (event && event.currentTarget && event.currentTarget.id) {","            case 'testRunButton1':","                // show tests","                if (document.querySelector('#testReportDiv1').style.display === 'none') {","                    document.querySelector('#testReportDiv1').style.display = 'block';","                    document.querySelector('#testRunButton1').textContent =","                        'hide internal test';","                    local.modeTest = true;","                    local.testRunDefault(local);","                // hide tests","                } else {","                    document.querySelector('#testReportDiv1').style.display = 'none';","                    document.querySelector('#testRunButton1').textContent = 'run internal test';","                }","                break;","            // custom-case","            default:","                break;","            }","            if (document.querySelector('#inputTextareaEval1') && (!event || (event &&","                    event.currentTarget &&","                    event.currentTarget.className &&","                    event.currentTarget.className.includes &&","                    event.currentTarget.className.includes('oneval')))) {","                // try to eval input-code","                try {","                    /*jslint evil: true*/","                    eval(document.querySelector('#inputTextareaEval1').value);","                } catch (errorCaught) {","                    console.error(errorCaught);","                }","            }","        };","        // log stderr and stdout to #outputTextareaStdout1","        ['error', 'log'].forEach(function (key) {","            console[key + '_original'] = console[key];","            console[key] = function () {","                var element;","                console[key + '_original'].apply(console, arguments);","                element = document.querySelector('#outputTextareaStdout1');","                if (!element) {","                    return;","                }","                // append text to #outputTextareaStdout1","                element.value += Array.from(arguments).map(function (arg) {","                    return typeof arg === 'string'","                        ? arg","                        : JSON.stringify(arg, null, 4);","                }).join(' ') + '\\n';","                // scroll textarea to bottom","                element.scrollTop = element.scrollHeight;","            };","        });","        // init event-handling","        ['change', 'click', 'keyup'].forEach(function (event) {","            Array.from(document.querySelectorAll('.on' + event)).forEach(function (element) {","                element.addEventListener(event, local.testRunBrowser);","            });","        });","        // run tests","        local.testRunBrowser();","        break;","","","","    // run node js-env code - post-init","    /* istanbul ignore next */","    case 'node':","        // export local","        module.exports = local;","        // require modules","        local.fs = require('fs');","        local.http = require('http');","        local.url = require('url');","        // init assets","        local.assetsDict = local.assetsDict || {};","        /* jslint-ignore-begin */","        local.assetsDict['/assets.index.template.html'] = '\\","<!doctype html>\\n\\","<html lang=\"en\">\\n\\","<head>\\n\\","<meta charset=\"UTF-8\">\\n\\","<meta name=\"viewport\" content=\"width=device-width, initial-scale=1\">\\n\\","<title>{{env.npm_package_name}} (v{{env.npm_package_version}})</title>\\n\\","<style>\\n\\","/*csslint\\n\\","    box-sizing: false,\\n\\","    universal-selector: false\\n\\","*/\\n\\","* {\\n\\","    box-sizing: border-box;\\n\\","}\\n\\","body {\\n\\","    background: #dde;\\n\\","    font-family: Arial, Helvetica, sans-serif;\\n\\","    margin: 2rem;\\n\\","}\\n\\","body > * {\\n\\","    margin-bottom: 1rem;\\n\\","}\\n\\",".utility2FooterDiv {\\n\\","    margin-top: 20px;\\n\\","    text-align: center;\\n\\","}\\n\\","</style>\\n\\","<style>\\n\\","/*csslint\\n\\","*/\\n\\","textarea {\\n\\","    font-family: monospace;\\n\\","    height: 10rem;\\n\\","    width: 100%;\\n\\","}\\n\\","textarea[readonly] {\\n\\","    background: #ddd;\\n\\","}\\n\\","</style>\\n\\","</head>\\n\\","<body>\\n\\","<!-- utility2-comment\\n\\","<div id=\"ajaxProgressDiv1\" style=\"background: #d00; height: 2px; left: 0; margin: 0; padding: 0; position: fixed; top: 0; transition: background 0.5s, width 1.5s; width: 25%;\"></div>\\n\\","utility2-comment -->\\n\\","<h1>\\n\\","<!-- utility2-comment\\n\\","    <a\\n\\","        {{#if env.npm_package_homepage}}\\n\\","        href=\"{{env.npm_package_homepage}}\"\\n\\","        {{/if env.npm_package_homepage}}\\n\\","        target=\"_blank\"\\n\\","    >\\n\\","utility2-comment -->\\n\\","        {{env.npm_package_name}} (v{{env.npm_package_version}})\\n\\","<!-- utility2-comment\\n\\","    </a>\\n\\","utility2-comment -->\\n\\","</h1>\\n\\","<h3>{{env.npm_package_description}}</h3>\\n\\","<!-- utility2-comment\\n\\","<h4><a download href=\"assets.app.js\">download standalone app</a></h4>\\n\\","<button class=\"onclick onreset\" id=\"testRunButton1\">run internal test</button><br>\\n\\","<div id=\"testReportDiv1\" style=\"display: none;\"></div>\\n\\","utility2-comment -->\\n\\","\\n\\","\\n\\","\\n\\","<label>stderr and stdout</label>\\n\\","<textarea class=\"resettable\" id=\"outputTextareaStdout1\" readonly></textarea>\\n\\","<!-- utility2-comment\\n\\","{{#if isRollup}}\\n\\","<script src=\"assets.app.js\"></script>\\n\\","{{#unless isRollup}}\\n\\","utility2-comment -->\\n\\","<script src=\"assets.utility2.rollup.js\"></script>\\n\\","<script src=\"jsonp.utility2._stateInit?callback=window.utility2._stateInit\"></script>\\n\\","<script src=\"assets.npmtest_parker.rollup.js\"></script>\\n\\","<script src=\"assets.example.js\"></script>\\n\\","<script src=\"assets.test.js\"></script>\\n\\","<!-- utility2-comment\\n\\","{{/if isRollup}}\\n\\","utility2-comment -->\\n\\","<div class=\"utility2FooterDiv\">\\n\\","    [ this app was created with\\n\\","    <a href=\"https://github.com/kaizhu256/node-utility2\" target=\"_blank\">utility2</a>\\n\\","    ]\\n\\","</div>\\n\\","</body>\\n\\","</html>\\n\\","';","        /* jslint-ignore-end */","        if (local.templateRender) {","            local.assetsDict['/'] = local.templateRender(","                local.assetsDict['/assets.index.template.html'],","                {","                    env: local.objectSetDefault(local.env, {","                        npm_package_description: 'the greatest app in the world!',","                        npm_package_name: 'my-app',","                        npm_package_nameAlias: 'my_app',","                        npm_package_version: '0.0.1'","                    })","                }","            );","        } else {","            local.assetsDict['/'] = local.assetsDict['/assets.index.template.html']","                .replace((/\\{\\{env\\.(\\w+?)\\}\\}/g), function (match0, match1) {","                    // jslint-hack","                    String(match0);","                    switch (match1) {","                    case 'npm_package_description':","                        return 'the greatest app in the world!';","                    case 'npm_package_name':","                        return 'my-app';","                    case 'npm_package_nameAlias':","                        return 'my_app';","                    case 'npm_package_version':","                        return '0.0.1';","                    }","                });","        }","        // run the cli","        if (local.global.utility2_rollup || module !== require.main) {","            break;","        }","        local.assetsDict['/assets.example.js'] =","            local.assetsDict['/assets.example.js'] ||","            local.fs.readFileSync(__filename, 'utf8');","        // bug-workaround - long $npm_package_buildCustomOrg","        /* jslint-ignore-begin */","        local.assetsDict['/assets.npmtest_parker.rollup.js'] =","            local.assetsDict['/assets.npmtest_parker.rollup.js'] ||","            local.fs.readFileSync(","                local.npmtest_parker.__dirname + '/lib.npmtest_parker.js',","                'utf8'","            ).replace((/^#!/), '//');","        /* jslint-ignore-end */","        local.assetsDict['/favicon.ico'] = local.assetsDict['/favicon.ico'] || '';","        // if $npm_config_timeout_exit exists,","        // then exit this process after $npm_config_timeout_exit ms","        if (Number(process.env.npm_config_timeout_exit)) {","            setTimeout(process.exit, Number(process.env.npm_config_timeout_exit));","        }","        // start server","        if (local.global.utility2_serverHttp1) {","            break;","        }","        process.env.PORT = process.env.PORT || '8081';","        console.error('server starting on port ' + process.env.PORT);","        local.http.createServer(function (request, response) {","            request.urlParsed = local.url.parse(request.url);","            if (local.assetsDict[request.urlParsed.pathname] !== undefined) {","                response.end(local.assetsDict[request.urlParsed.pathname]);","                return;","            }","            response.statusCode = 404;","            response.end();","        }).listen(process.env.PORT);","        break;","    }","}());",""],"l":{"26":2,"28":2,"33":2,"35":2,"37":2,"38":2,"39":2,"44":1,"51":2,"55":2,"59":2,"61":2,"69":1,"70":2,"76":2,"79":2,"82":2,"83":2,"85":1,"89":2,"92":1,"93":1,"94":1,"96":1,"97":1,"100":1,"101":1,"103":1,"106":1,"108":2,"114":1,"116":1,"118":1,"123":1,"124":2,"125":2,"126":3,"127":3,"128":3,"129":3,"130":1,"133":3,"134":3,"139":3,"143":1,"144":3,"145":1,"149":1,"150":1,"158":1,"160":1,"161":1,"162":1,"164":1,"166":1,"258":1,"259":1,"271":1,"274":6,"275":6,"277":1,"279":2,"281":1,"283":2,"288":1,"289":1,"291":1,"296":1,"303":1,"306":1,"307":1,"310":1,"311":1,"313":1,"314":1,"315":1,"316":1,"317":1,"318":1,"319":1,"321":1,"322":1,"324":1}},"/home/travis/build/npmtest/node-npmtest-parker/node_modules/parker/parker.js":{"path":"/home/travis/build/npmtest/node-npmtest-parker/node_modules/parker/parker.js","s":{"1":1,"2":1,"3":1,"4":0,"5":0,"6":0,"7":0,"8":0,"9":0,"10":0,"11":0,"12":0,"13":0,"14":1,"15":0,"16":0,"17":0,"18":0,"19":0,"20":0,"21":0,"22":1,"23":0,"24":0,"25":1,"26":0,"27":0,"28":1,"29":0,"30":0,"31":0,"32":0,"33":0,"34":1,"35":0,"36":0,"37":1,"38":0,"39":0,"40":0,"41":0,"42":0,"43":0,"44":0,"45":1,"46":0,"47":0,"48":1,"49":0,"50":1,"51":0,"52":0,"53":1,"54":1,"55":0,"56":0},"b":{"1":[0,0],"2":[0,0],"3":[0,0],"4":[1,0]},"f":{"1":0,"2":0,"3":0,"4":0,"5":0,"6":0,"7":0,"8":0,"9":0,"10":0,"11":0,"12":0,"13":0,"14":0,"15":0,"16":0,"17":0,"18":0,"19":0,"20":0,"21":0},"fnMap":{"1":{"name":"(anonymous_1)","line":24,"loc":{"start":{"line":24,"column":29},"end":{"line":24,"column":50}}},"2":{"name":"(anonymous_2)","line":26,"loc":{"start":{"line":26,"column":26},"end":{"line":26,"column":57}}},"3":{"name":"(anonymous_3)","line":27,"loc":{"start":{"line":27,"column":25},"end":{"line":27,"column":46}}},"4":{"name":"(anonymous_4)","line":35,"loc":{"start":{"line":35,"column":31},"end":{"line":35,"column":52}}},"5":{"name":"(anonymous_5)","line":38,"loc":{"start":{"line":38,"column":7},"end":{"line":38,"column":22}}},"6":{"name":"(anonymous_6)","line":43,"loc":{"start":{"line":43,"column":29},"end":{"line":43,"column":41}}},"7":{"name":"(anonymous_7)","line":48,"loc":{"start":{"line":48,"column":29},"end":{"line":48,"column":45}}},"8":{"name":"(anonymous_8)","line":52,"loc":{"start":{"line":52,"column":28},"end":{"line":52,"column":39}}},"9":{"name":"(anonymous_9)","line":57,"loc":{"start":{"line":57,"column":32},"end":{"line":57,"column":44}}},"10":{"name":"(anonymous_10)","line":62,"loc":{"start":{"line":62,"column":29},"end":{"line":62,"column":41}}},"11":{"name":"(anonymous_11)","line":67,"loc":{"start":{"line":67,"column":30},"end":{"line":67,"column":48}}},"12":{"name":"(anonymous_12)","line":77,"loc":{"start":{"line":77,"column":36},"end":{"line":77,"column":48}}},"13":{"name":"(anonymous_13)","line":78,"loc":{"start":{"line":78,"column":32},"end":{"line":78,"column":50}}},"14":{"name":"(anonymous_14)","line":83,"loc":{"start":{"line":83,"column":20},"end":{"line":83,"column":68}}},"15":{"name":"(anonymous_15)","line":84,"loc":{"start":{"line":84,"column":30},"end":{"line":84,"column":52}}},"16":{"name":"(anonymous_16)","line":85,"loc":{"start":{"line":85,"column":26},"end":{"line":85,"column":52}}},"17":{"name":"(anonymous_17)","line":90,"loc":{"start":{"line":90,"column":53},"end":{"line":90,"column":77}}},"18":{"name":"(anonymous_18)","line":98,"loc":{"start":{"line":98,"column":15},"end":{"line":98,"column":43}}},"19":{"name":"(anonymous_19)","line":99,"loc":{"start":{"line":99,"column":46},"end":{"line":99,"column":71}}},"20":{"name":"(anonymous_20)","line":104,"loc":{"start":{"line":104,"column":23},"end":{"line":104,"column":43}}},"21":{"name":"(anonymous_21)","line":108,"loc":{"start":{"line":108,"column":16},"end":{"line":108,"column":48}}}},"statementMap":{"1":{"start":{"line":11,"column":0},"end":{"line":20,"column":33}},"2":{"start":{"line":22,"column":0},"end":{"line":22,"column":40}},"3":{"start":{"line":24,"column":0},"end":{"line":41,"column":3}},"4":{"start":{"line":25,"column":4},"end":{"line":25,"column":25}},"5":{"start":{"line":26,"column":4},"end":{"line":40,"column":7}},"6":{"start":{"line":27,"column":8},"end":{"line":29,"column":10}},"7":{"start":{"line":28,"column":12},"end":{"line":28,"column":35}},"8":{"start":{"line":31,"column":8},"end":{"line":36,"column":9}},"9":{"start":{"line":32,"column":12},"end":{"line":32,"column":59}},"10":{"start":{"line":35,"column":12},"end":{"line":35,"column":92}},"11":{"start":{"line":35,"column":54},"end":{"line":35,"column":76}},"12":{"start":{"line":35,"column":77},"end":{"line":35,"column":89}},"13":{"start":{"line":39,"column":8},"end":{"line":39,"column":40}},"14":{"start":{"line":43,"column":0},"end":{"line":55,"column":3}},"15":{"start":{"line":44,"column":4},"end":{"line":44,"column":27}},"16":{"start":{"line":45,"column":4},"end":{"line":45,"column":38}},"17":{"start":{"line":46,"column":4},"end":{"line":46,"column":23}},"18":{"start":{"line":48,"column":4},"end":{"line":50,"column":7}},"19":{"start":{"line":49,"column":8},"end":{"line":49,"column":27}},"20":{"start":{"line":52,"column":4},"end":{"line":54,"column":7}},"21":{"start":{"line":53,"column":8},"end":{"line":53,"column":38}},"22":{"start":{"line":57,"column":0},"end":{"line":60,"column":3}},"23":{"start":{"line":58,"column":4},"end":{"line":58,"column":19}},"24":{"start":{"line":59,"column":4},"end":{"line":59,"column":19}},"25":{"start":{"line":62,"column":0},"end":{"line":65,"column":3}},"26":{"start":{"line":63,"column":4},"end":{"line":63,"column":16}},"27":{"start":{"line":64,"column":4},"end":{"line":64,"column":19}},"28":{"start":{"line":67,"column":0},"end":{"line":75,"column":3}},"29":{"start":{"line":68,"column":4},"end":{"line":68,"column":35}},"30":{"start":{"line":70,"column":4},"end":{"line":74,"column":5}},"31":{"start":{"line":71,"column":8},"end":{"line":71,"column":64}},"32":{"start":{"line":72,"column":8},"end":{"line":72,"column":75}},"33":{"start":{"line":73,"column":8},"end":{"line":73,"column":24}},"34":{"start":{"line":77,"column":0},"end":{"line":81,"column":3}},"35":{"start":{"line":78,"column":4},"end":{"line":80,"column":7}},"36":{"start":{"line":79,"column":8},"end":{"line":79,"column":41}},"37":{"start":{"line":83,"column":0},"end":{"line":96,"column":2}},"38":{"start":{"line":84,"column":4},"end":{"line":95,"column":7}},"39":{"start":{"line":85,"column":8},"end":{"line":94,"column":22}},"40":{"start":{"line":86,"column":12},"end":{"line":88,"column":13}},"41":{"start":{"line":87,"column":16},"end":{"line":87,"column":34}},"42":{"start":{"line":90,"column":12},"end":{"line":93,"column":15}},"43":{"start":{"line":91,"column":16},"end":{"line":91,"column":42}},"44":{"start":{"line":92,"column":16},"end":{"line":92,"column":27}},"45":{"start":{"line":98,"column":0},"end":{"line":102,"column":2}},"46":{"start":{"line":99,"column":4},"end":{"line":101,"column":7}},"47":{"start":{"line":100,"column":8},"end":{"line":100,"column":30}},"48":{"start":{"line":104,"column":0},"end":{"line":106,"column":2}},"49":{"start":{"line":105,"column":4},"end":{"line":105,"column":43}},"50":{"start":{"line":108,"column":0},"end":{"line":111,"column":2}},"51":{"start":{"line":109,"column":4},"end":{"line":109,"column":42}},"52":{"start":{"line":110,"column":4},"end":{"line":110,"column":45}},"53":{"start":{"line":113,"column":0},"end":{"line":119,"column":1}},"54":{"start":{"line":114,"column":4},"end":{"line":114,"column":28}},"55":{"start":{"line":116,"column":4},"end":{"line":117,"column":36}},"56":{"start":{"line":118,"column":4},"end":{"line":118,"column":33}}},"branchMap":{"1":{"line":31,"type":"if","locations":[{"start":{"line":31,"column":8},"end":{"line":31,"column":8}},{"start":{"line":31,"column":8},"end":{"line":31,"column":8}}]},"2":{"line":70,"type":"if","locations":[{"start":{"line":70,"column":4},"end":{"line":70,"column":4}},{"start":{"line":70,"column":4},"end":{"line":70,"column":4}}]},"3":{"line":86,"type":"if","locations":[{"start":{"line":86,"column":12},"end":{"line":86,"column":12}},{"start":{"line":86,"column":12},"end":{"line":86,"column":12}}]},"4":{"line":113,"type":"if","locations":[{"start":{"line":113,"column":0},"end":{"line":113,"column":0}},{"start":{"line":113,"column":0},"end":{"line":113,"column":0}}]}},"code":["//#!/usr/bin/env node","","/*! csstool v0.0.0 - MIT license */","","'use strict';","","/**"," * Module dependencies"," */","","var _ = require('lodash'),","    Parker = require('./lib/Parker'),","    CliController = require('./lib/CliController'),","    metrics = require('./metrics/All'),","    formatters = require('./lib/Formatters'),","    argv = require('minimist')(process.argv.slice(2)),","    fs = require('graceful-fs'),","    async = require('async'),","    path = require('path'),","    info = require('./lib/Info');","","var cliController = new CliController();","","cliController.on('runPaths', function (filePaths) {","    var stylesheets = [];","    async.each(filePaths, function (filePath, onAllLoad) {","        var onFileLoad = function (err, data) {","            stylesheets.push(data);","        };","","        if (!fileIsStylesheet(filePath)) {","            readDirectory(filePath, onFileLoad, onAllLoad);","        }","        else {","            readFile(filePath, function (err, data) { onFileLoad(err, data); onAllLoad();});","        }","","    }, function (err) {","        runReport(stylesheets, metrics);","    });","});","","cliController.on('runStdin', function () {","    process.stdin.resume();","    process.stdin.setEncoding('utf8');","    var stdinData = '';","","    process.stdin.on('data', function(chunk) {","        stdinData += chunk;","    });","","    process.stdin.on('end', function() {","        runReport(stdinData, metrics);","    });","});","","cliController.on('showVersion', function () {","    info.version();","    process.exit();","});","","cliController.on('showHelp', function () {","    info.help();","    process.exit();","});","","cliController.on('setFormat', function (format) {","    formatter = formatters[format];","","    if (!formatter) {","        console.error('Unknown output format: %s', argv.format);","        console.error('  available: ' + Object.keys(formatters).join(' '));","        process.exit(1);","    }","});","","cliController.on('showNumericOnly', function () {","    metrics = _.filter(metrics, function (metric) {","        return metric.format == 'number';","    });","});","","var readDirectory = function (directoryPath, onFileLoad, onAllLoad) {","    fs.readdir(directoryPath, function (err, files) {","        async.each(files, function (file, fileDone) {","            if (!fileIsStylesheet(file)) {","                return fileDone();","            }","","            readFile(path.join(directoryPath, file), function(err, fileData) {","                onFileLoad(err, fileData);","                fileDone();","            });","        }, onAllLoad);","    });","};","","var readFile = function (filePath, onLoad) {","    fs.readFile(filePath, {encoding: 'utf8'}, function (err, fileData) {","        onLoad(err, fileData);","    });","};","","var fileIsStylesheet = function (filePath) {","    return filePath.indexOf('.css') !== -1;","};","","var runReport = function (stylesheets, metrics) {","    var results = parker.run(stylesheets);","    console.log(formatter(metrics, results));","};","","if (module.parent) {","    module.exports = Parker;","} else {","    var parker = new Parker(metrics),","    formatter = formatters['human'];","    cliController.dispatch(argv);","}"],"l":{"11":1,"22":1,"24":1,"25":0,"26":0,"27":0,"28":0,"31":0,"32":0,"35":0,"39":0,"43":1,"44":0,"45":0,"46":0,"48":0,"49":0,"52":0,"53":0,"57":1,"58":0,"59":0,"62":1,"63":0,"64":0,"67":1,"68":0,"70":0,"71":0,"72":0,"73":0,"77":1,"78":0,"79":0,"83":1,"84":0,"85":0,"86":0,"87":0,"90":0,"91":0,"92":0,"98":1,"99":0,"100":0,"104":1,"105":0,"108":1,"109":0,"110":0,"113":1,"114":1,"116":0,"118":0}},"/home/travis/build/npmtest/node-npmtest-parker/node_modules/parker/lib/Parker.js":{"path":"/home/travis/build/npmtest/node-npmtest-parker/node_modules/parker/lib/Parker.js","s":{"1":1,"2":1,"3":1,"4":0,"5":1,"6":0,"7":0,"8":0,"9":0,"10":0,"11":0,"12":0,"13":0,"14":0,"15":0,"16":1,"17":0,"18":0,"19":0,"20":0,"21":0,"22":0,"23":0,"24":0,"25":0,"26":0,"27":0,"28":0,"29":0,"30":0,"31":0,"32":0,"33":0,"34":0,"35":0,"36":0,"37":0,"38":0,"39":0,"40":0,"41":0,"42":1,"43":0,"44":0,"45":0,"46":0,"47":0,"48":0,"49":0,"50":1,"51":0,"52":0,"53":0,"54":0,"55":0,"56":0,"57":0,"58":0,"59":0,"60":0,"61":0,"62":0,"63":0,"64":0,"65":0,"66":1,"67":0,"68":1,"69":0,"70":0,"71":0,"72":1,"73":0,"74":0,"75":0,"76":0,"77":0,"78":1,"79":0,"80":0,"81":0,"82":1,"83":0,"84":0,"85":0,"86":1,"87":0,"88":0,"89":0,"90":0,"91":0,"92":0,"93":0,"94":0,"95":1,"96":0,"97":0,"98":0,"99":0,"100":1,"101":0,"102":0,"103":1,"104":0,"105":0,"106":0,"107":0,"108":1},"b":{"1":[0,0],"2":[0,0],"3":[0,0],"4":[0,0],"5":[0,0],"6":[0,0],"7":[0,0,0,0,0],"8":[0,0],"9":[0,0],"10":[0,0],"11":[0,0],"12":[0,0],"13":[0,0],"14":[0,0],"15":[0,0],"16":[0,0],"17":[0,0]},"f":{"1":0,"2":0,"3":0,"4":0,"5":0,"6":0,"7":0,"8":0,"9":0,"10":0,"11":0,"12":0,"13":0,"14":0,"15":0,"16":0,"17":0,"18":0,"19":0,"20":0,"21":0,"22":0,"23":0,"24":0,"25":0,"26":0,"27":0,"28":0},"fnMap":{"1":{"name":"Parker","line":14,"loc":{"start":{"line":14,"column":0},"end":{"line":14,"column":25}}},"2":{"name":"(anonymous_2)","line":18,"loc":{"start":{"line":18,"column":23},"end":{"line":18,"column":35}}},"3":{"name":"(anonymous_3)","line":25,"loc":{"start":{"line":25,"column":26},"end":{"line":25,"column":46}}},"4":{"name":"(anonymous_4)","line":26,"loc":{"start":{"line":26,"column":41},"end":{"line":26,"column":59}}},"5":{"name":"(anonymous_5)","line":35,"loc":{"start":{"line":35,"column":17},"end":{"line":35,"column":49}}},"6":{"name":"(anonymous_6)","line":38,"loc":{"start":{"line":38,"column":24},"end":{"line":38,"column":49}}},"7":{"name":"(anonymous_7)","line":44,"loc":{"start":{"line":44,"column":45},"end":{"line":44,"column":70}}},"8":{"name":"(anonymous_8)","line":46,"loc":{"start":{"line":46,"column":44},"end":{"line":46,"column":61}}},"9":{"name":"(anonymous_9)","line":53,"loc":{"start":{"line":53,"column":22},"end":{"line":53,"column":41}}},"10":{"name":"(anonymous_10)","line":57,"loc":{"start":{"line":57,"column":40},"end":{"line":57,"column":63}}},"11":{"name":"(anonymous_11)","line":61,"loc":{"start":{"line":61,"column":50},"end":{"line":61,"column":75}}},"12":{"name":"(anonymous_12)","line":66,"loc":{"start":{"line":66,"column":43},"end":{"line":66,"column":69}}},"13":{"name":"(anonymous_13)","line":82,"loc":{"start":{"line":82,"column":23},"end":{"line":82,"column":54}}},"14":{"name":"(anonymous_14)","line":84,"loc":{"start":{"line":84,"column":47},"end":{"line":84,"column":65}}},"15":{"name":"(anonymous_15)","line":96,"loc":{"start":{"line":96,"column":20},"end":{"line":96,"column":45}}},"16":{"name":"(anonymous_16)","line":97,"loc":{"start":{"line":97,"column":20},"end":{"line":97,"column":38}}},"17":{"name":"(anonymous_17)","line":124,"loc":{"start":{"line":124,"column":19},"end":{"line":124,"column":35}}},"18":{"name":"(anonymous_18)","line":128,"loc":{"start":{"line":128,"column":20},"end":{"line":128,"column":36}}},"19":{"name":"(anonymous_19)","line":135,"loc":{"start":{"line":135,"column":19},"end":{"line":135,"column":45}}},"20":{"name":"(anonymous_20)","line":146,"loc":{"start":{"line":146,"column":20},"end":{"line":146,"column":44}}},"21":{"name":"(anonymous_21)","line":154,"loc":{"start":{"line":154,"column":22},"end":{"line":154,"column":46}}},"22":{"name":"(anonymous_22)","line":162,"loc":{"start":{"line":162,"column":27},"end":{"line":162,"column":53}}},"23":{"name":"(anonymous_23)","line":163,"loc":{"start":{"line":163,"column":19},"end":{"line":163,"column":55}}},"24":{"name":"(anonymous_24)","line":180,"loc":{"start":{"line":180,"column":10},"end":{"line":180,"column":28}}},"25":{"name":"(anonymous_25)","line":184,"loc":{"start":{"line":184,"column":25},"end":{"line":184,"column":54}}},"26":{"name":"(anonymous_26)","line":187,"loc":{"start":{"line":187,"column":11},"end":{"line":187,"column":29}}},"27":{"name":"(anonymous_27)","line":193,"loc":{"start":{"line":193,"column":26},"end":{"line":193,"column":51}}},"28":{"name":"(anonymous_28)","line":195,"loc":{"start":{"line":195,"column":30},"end":{"line":195,"column":48}}}},"statementMap":{"1":{"start":{"line":5,"column":0},"end":{"line":10,"column":50}},"2":{"start":{"line":12,"column":0},"end":{"line":12,"column":101}},"3":{"start":{"line":14,"column":0},"end":{"line":16,"column":1}},"4":{"start":{"line":15,"column":4},"end":{"line":15,"column":27}},"5":{"start":{"line":18,"column":0},"end":{"line":33,"column":2}},"6":{"start":{"line":19,"column":4},"end":{"line":19,"column":25}},"7":{"start":{"line":21,"column":4},"end":{"line":23,"column":5}},"8":{"start":{"line":22,"column":8},"end":{"line":22,"column":28}},"9":{"start":{"line":25,"column":4},"end":{"line":25,"column":79}},"10":{"start":{"line":25,"column":47},"end":{"line":25,"column":75}},"11":{"start":{"line":26,"column":4},"end":{"line":26,"column":108}},"12":{"start":{"line":26,"column":60},"end":{"line":26,"column":104}},"13":{"start":{"line":28,"column":4},"end":{"line":30,"column":5}},"14":{"start":{"line":29,"column":8},"end":{"line":29,"column":41}},"15":{"start":{"line":32,"column":4},"end":{"line":32,"column":88}},"16":{"start":{"line":35,"column":0},"end":{"line":80,"column":2}},"17":{"start":{"line":36,"column":4},"end":{"line":36,"column":22}},"18":{"start":{"line":38,"column":4},"end":{"line":74,"column":7}},"19":{"start":{"line":39,"column":8},"end":{"line":39,"column":78}},"20":{"start":{"line":41,"column":8},"end":{"line":42,"column":48}},"21":{"start":{"line":44,"column":8},"end":{"line":51,"column":11}},"22":{"start":{"line":45,"column":12},"end":{"line":45,"column":62}},"23":{"start":{"line":46,"column":12},"end":{"line":48,"column":15}},"24":{"start":{"line":47,"column":16},"end":{"line":47,"column":78}},"25":{"start":{"line":50,"column":12},"end":{"line":50,"column":56}},"26":{"start":{"line":53,"column":8},"end":{"line":73,"column":11}},"27":{"start":{"line":54,"column":12},"end":{"line":54,"column":70}},"28":{"start":{"line":56,"column":12},"end":{"line":56,"column":44}},"29":{"start":{"line":57,"column":12},"end":{"line":64,"column":15}},"30":{"start":{"line":58,"column":16},"end":{"line":58,"column":60}},"31":{"start":{"line":59,"column":16},"end":{"line":59,"column":82}},"32":{"start":{"line":61,"column":16},"end":{"line":63,"column":19}},"33":{"start":{"line":62,"column":20},"end":{"line":62,"column":90}},"34":{"start":{"line":66,"column":12},"end":{"line":72,"column":15}},"35":{"start":{"line":67,"column":16},"end":{"line":67,"column":69}},"36":{"start":{"line":69,"column":16},"end":{"line":69,"column":88}},"37":{"start":{"line":70,"column":16},"end":{"line":70,"column":96}},"38":{"start":{"line":71,"column":16},"end":{"line":71,"column":90}},"39":{"start":{"line":76,"column":4},"end":{"line":76,"column":53}},"40":{"start":{"line":77,"column":4},"end":{"line":77,"column":40}},"41":{"start":{"line":79,"column":4},"end":{"line":79,"column":16}},"42":{"start":{"line":82,"column":0},"end":{"line":94,"column":2}},"43":{"start":{"line":83,"column":4},"end":{"line":83,"column":18}},"44":{"start":{"line":84,"column":4},"end":{"line":91,"column":7}},"45":{"start":{"line":85,"column":8},"end":{"line":85,"column":47}},"46":{"start":{"line":86,"column":8},"end":{"line":88,"column":9}},"47":{"start":{"line":87,"column":12},"end":{"line":87,"column":40}},"48":{"start":{"line":90,"column":8},"end":{"line":90,"column":38}},"49":{"start":{"line":93,"column":4},"end":{"line":93,"column":16}},"50":{"start":{"line":96,"column":0},"end":{"line":122,"column":2}},"51":{"start":{"line":97,"column":4},"end":{"line":119,"column":7}},"52":{"start":{"line":98,"column":8},"end":{"line":100,"column":9}},"53":{"start":{"line":99,"column":12},"end":{"line":99,"column":33}},"54":{"start":{"line":102,"column":8},"end":{"line":118,"column":9}},"55":{"start":{"line":104,"column":16},"end":{"line":104,"column":64}},"56":{"start":{"line":105,"column":16},"end":{"line":105,"column":22}},"57":{"start":{"line":107,"column":16},"end":{"line":107,"column":65}},"58":{"start":{"line":108,"column":16},"end":{"line":108,"column":22}},"59":{"start":{"line":110,"column":16},"end":{"line":110,"column":81}},"60":{"start":{"line":111,"column":16},"end":{"line":111,"column":22}},"61":{"start":{"line":113,"column":16},"end":{"line":113,"column":80}},"62":{"start":{"line":114,"column":16},"end":{"line":114,"column":22}},"63":{"start":{"line":116,"column":16},"end":{"line":116,"column":82}},"64":{"start":{"line":117,"column":16},"end":{"line":117,"column":22}},"65":{"start":{"line":121,"column":4},"end":{"line":121,"column":16}},"66":{"start":{"line":124,"column":0},"end":{"line":126,"column":2}},"67":{"start":{"line":125,"column":4},"end":{"line":125,"column":21}},"68":{"start":{"line":128,"column":0},"end":{"line":133,"column":2}},"69":{"start":{"line":129,"column":4},"end":{"line":131,"column":5}},"70":{"start":{"line":130,"column":8},"end":{"line":130,"column":17}},"71":{"start":{"line":132,"column":4},"end":{"line":132,"column":22}},"72":{"start":{"line":135,"column":0},"end":{"line":144,"column":2}},"73":{"start":{"line":136,"column":4},"end":{"line":138,"column":5}},"74":{"start":{"line":137,"column":8},"end":{"line":137,"column":17}},"75":{"start":{"line":139,"column":4},"end":{"line":141,"column":5}},"76":{"start":{"line":140,"column":8},"end":{"line":140,"column":27}},"77":{"start":{"line":143,"column":4},"end":{"line":143,"column":33}},"78":{"start":{"line":146,"column":0},"end":{"line":152,"column":2}},"79":{"start":{"line":147,"column":4},"end":{"line":149,"column":5}},"80":{"start":{"line":148,"column":8},"end":{"line":148,"column":46}},"81":{"start":{"line":151,"column":4},"end":{"line":151,"column":27}},"82":{"start":{"line":154,"column":0},"end":{"line":160,"column":2}},"83":{"start":{"line":155,"column":4},"end":{"line":157,"column":5}},"84":{"start":{"line":156,"column":8},"end":{"line":156,"column":42}},"85":{"start":{"line":159,"column":4},"end":{"line":159,"column":34}},"86":{"start":{"line":162,"column":0},"end":{"line":178,"column":2}},"87":{"start":{"line":163,"column":4},"end":{"line":175,"column":7}},"88":{"start":{"line":164,"column":8},"end":{"line":166,"column":9}},"89":{"start":{"line":165,"column":12},"end":{"line":165,"column":39}},"90":{"start":{"line":168,"column":8},"end":{"line":174,"column":9}},"91":{"start":{"line":169,"column":12},"end":{"line":171,"column":13}},"92":{"start":{"line":170,"column":16},"end":{"line":170,"column":40}},"93":{"start":{"line":173,"column":12},"end":{"line":173,"column":76}},"94":{"start":{"line":177,"column":4},"end":{"line":177,"column":18}},"95":{"start":{"line":180,"column":0},"end":{"line":185,"column":2}},"96":{"start":{"line":181,"column":4},"end":{"line":183,"column":5}},"97":{"start":{"line":182,"column":8},"end":{"line":182,"column":17}},"98":{"start":{"line":184,"column":4},"end":{"line":184,"column":85}},"99":{"start":{"line":184,"column":55},"end":{"line":184,"column":81}},"100":{"start":{"line":187,"column":0},"end":{"line":191,"column":2}},"101":{"start":{"line":188,"column":4},"end":{"line":188,"column":32}},"102":{"start":{"line":190,"column":4},"end":{"line":190,"column":37}},"103":{"start":{"line":193,"column":0},"end":{"line":199,"column":2}},"104":{"start":{"line":194,"column":4},"end":{"line":196,"column":5}},"105":{"start":{"line":195,"column":8},"end":{"line":195,"column":81}},"106":{"start":{"line":195,"column":49},"end":{"line":195,"column":77}},"107":{"start":{"line":198,"column":4},"end":{"line":198,"column":19}},"108":{"start":{"line":201,"column":0},"end":{"line":201,"column":24}}},"branchMap":{"1":{"line":21,"type":"if","locations":[{"start":{"line":21,"column":4},"end":{"line":21,"column":4}},{"start":{"line":21,"column":4},"end":{"line":21,"column":4}}]},"2":{"line":21,"type":"binary-expr","locations":[{"start":{"line":21,"column":8},"end":{"line":21,"column":30}},{"start":{"line":21,"column":34},"end":{"line":21,"column":57}}]},"3":{"line":28,"type":"if","locations":[{"start":{"line":28,"column":4},"end":{"line":28,"column":4}},{"start":{"line":28,"column":4},"end":{"line":28,"column":4}}]},"4":{"line":42,"type":"binary-expr","locations":[{"start":{"line":42,"column":20},"end":{"line":42,"column":41}},{"start":{"line":42,"column":45},"end":{"line":42,"column":47}}]},"5":{"line":86,"type":"if","locations":[{"start":{"line":86,"column":8},"end":{"line":86,"column":8}},{"start":{"line":86,"column":8},"end":{"line":86,"column":8}}]},"6":{"line":98,"type":"if","locations":[{"start":{"line":98,"column":8},"end":{"line":98,"column":8}},{"start":{"line":98,"column":8},"end":{"line":98,"column":8}}]},"7":{"line":102,"type":"switch","locations":[{"start":{"line":103,"column":12},"end":{"line":105,"column":22}},{"start":{"line":106,"column":12},"end":{"line":108,"column":22}},{"start":{"line":109,"column":12},"end":{"line":111,"column":22}},{"start":{"line":112,"column":12},"end":{"line":114,"column":22}},{"start":{"line":115,"column":12},"end":{"line":117,"column":22}}]},"8":{"line":129,"type":"if","locations":[{"start":{"line":129,"column":4},"end":{"line":129,"column":4}},{"start":{"line":129,"column":4},"end":{"line":129,"column":4}}]},"9":{"line":136,"type":"if","locations":[{"start":{"line":136,"column":4},"end":{"line":136,"column":4}},{"start":{"line":136,"column":4},"end":{"line":136,"column":4}}]},"10":{"line":139,"type":"if","locations":[{"start":{"line":139,"column":4},"end":{"line":139,"column":4}},{"start":{"line":139,"column":4},"end":{"line":139,"column":4}}]},"11":{"line":147,"type":"if","locations":[{"start":{"line":147,"column":4},"end":{"line":147,"column":4}},{"start":{"line":147,"column":4},"end":{"line":147,"column":4}}]},"12":{"line":155,"type":"if","locations":[{"start":{"line":155,"column":4},"end":{"line":155,"column":4}},{"start":{"line":155,"column":4},"end":{"line":155,"column":4}}]},"13":{"line":164,"type":"if","locations":[{"start":{"line":164,"column":8},"end":{"line":164,"column":8}},{"start":{"line":164,"column":8},"end":{"line":164,"column":8}}]},"14":{"line":168,"type":"if","locations":[{"start":{"line":168,"column":8},"end":{"line":168,"column":8}},{"start":{"line":168,"column":8},"end":{"line":168,"column":8}}]},"15":{"line":169,"type":"if","locations":[{"start":{"line":169,"column":12},"end":{"line":169,"column":12}},{"start":{"line":169,"column":12},"end":{"line":169,"column":12}}]},"16":{"line":181,"type":"if","locations":[{"start":{"line":181,"column":4},"end":{"line":181,"column":4}},{"start":{"line":181,"column":4},"end":{"line":181,"column":4}}]},"17":{"line":194,"type":"if","locations":[{"start":{"line":194,"column":4},"end":{"line":194,"column":4}},{"start":{"line":194,"column":4},"end":{"line":194,"column":4}}]}},"code":["/*! Parker v0.0.0 - MIT license */","","'use strict';","","var _ = require('lodash'),","    CssStylesheet = require('./CssStylesheet.js'),","    CssRule = require('./CssRule.js'),","    CssSelector = require('./CssSelector.js'),","    CssDeclaration = require('./CssDeclaration.js'),","    CssMediaQuery = require('./CssMediaQuery.js');","","var VALID_METRIC_TYPE = /stylesheet|rule|selector|identifier|declaration|property|value|mediaquery/g;","","function Parker(metrics) {","    this.metrics = metrics;","}","","Parker.prototype.run = function () {","    var args = arguments;","","    if (arguments.length === 1 && _.isArray(arguments[0])) {","        args = arguments[0];","    }","","    args = _.filter(args, function (argument) {return _.isString(argument); });","    var metrics = _.filter(this.metrics, function (metric) {return metric.type.match(VALID_METRIC_TYPE); });","","    if (args.length > 0) {","        return runMetrics(metrics, args);","    }","","    throw {'message': 'No valid stylesheet data supplied', 'name': 'DataTypeException'};","};","","var runMetrics = function (metrics, stylesheets) {","    var readings = [];","","    _.each(stylesheets, function (rawStylesheet) {","        readings.push(runMetricsOnNode(metrics, rawStylesheet, 'stylesheet'));","","        var stylesheet = new CssStylesheet(rawStylesheet),","            rules = stylesheet.getRules() || [];","","        _.each(stylesheet.getMediaQueries(), function (rawMediaQuery) {","            var mediaQuery = new CssMediaQuery(rawMediaQuery);","            _.each(mediaQuery.getQueries(), function (query) {","                readings.push(runMetricsOnNode(metrics, query, 'mediaquery'));","            });","","            rules = rules.concat(mediaQuery.getRules());","        });","","        _.each(rules, function (rawRule) {","            readings.push(runMetricsOnNode(metrics, rawRule, 'rule'));","","            var rule = new CssRule(rawRule);","            _.each(rule.getSelectors(), function (rawSelector) {","                var selector = new CssSelector(rawSelector);","                readings.push(runMetricsOnNode(metrics, rawSelector, 'selector'));","","                _.each(selector.getIdentifiers(), function (rawIdentifier) {","                    readings.push(runMetricsOnNode(metrics, rawIdentifier, 'identifier'));","                });","            });","","            _.each(rule.getDeclarations(), function (rawDeclaration) {","                var declaration = new CssDeclaration(rawDeclaration);","","                readings.push(runMetricsOnNode(metrics, rawDeclaration, 'declaration'));","                readings.push(runMetricsOnNode(metrics, declaration.getProperty(), 'property'));","                readings.push(runMetricsOnNode(metrics, declaration.getValue(), 'value'));","            });","        });","    });","","    var data = readings.reduce(mergeArrayAttributes);","    data = aggregateData(data, metrics);","","    return data;","};","","var runMetricsOnNode = function (metrics, node, type) {","    var data = {};","    _.each(filterMetricsByType(metrics, type), function (metric) {","        var measurement = metric.measure(node);","        if (!_.isArray(measurement)) {","            measurement = [measurement];","        }","","        data[metric.id] = measurement;","    });","","    return data;","};","","var aggregateData = function (data, metrics) {","    _.each(metrics, function (metric) {","        if (!data[metric.id]) {","            data[metric.id] = [];","        }","","        switch (metric.aggregate) {","            case 'sum':","                data[metric.id] = aggregateSum(data[metric
[...]
olumn":10}},"12":{"start":{"line":28,"column":2},"end":{"line":28,"column":13}}},"branchMap":{"1":{"line":19,"type":"if","locations":[{"start":{"line":19,"column":3},"end":{"line":19,"column":3}},{"start":{"line":19,"column":3},"end":{"line":19,"column":3}}]},"2":{"line":21,"type":"if","locations":[{"start":{"line":21,"column":10},"end":{"line":21,"column":10}},{"start":{"line":21,"column":10},"end":{"line":21,"column":10}}]},"3":{"line":23,"type":"if","locations":[{"start":{"line":23,"column":10},"end":{"line":23,"column":10}},{"start":{"line":23,"column":10},"end":{"line":23,"column":10}}]},"4":{"line":23,"type":"binary-expr","locations":[{"start":{"line":23,"column":14},"end":{"line":23,"column":26}},{"start":{"line":23,"column":30},"end":{"line":23,"column":41}}]}},"code":["","/*! Parker v0.0.0 - MIT license */","","'use strict';","","var _ = require('lodash');","","module.exports = {","    id: 'total-id-selectors',","    name: 'Total Id Selectors',","    type: 'selector',","    aggregate: 'sum',","    format: 'number',","    measure: function (selector) {","\t\tvar ids = 0;","\t\tvar inBrackets = false;","","\t\t_.forOwn(selector, function (char) {","\t\t\tif (char === '[') {","\t\t\t\tinBrackets = true;","\t\t\t} else if (char === ']') {","\t\t\t\tinBrackets = false;","\t\t\t} else if (char === '#' && !inBrackets) {","\t\t\t\tids++;","\t\t\t}","\t\t});","","\t\treturn ids;","    }","};",""],"l":{"6":1,"8":1,"15":0,"16":0,"18":0,"19":0,"20":0,"21":0,"22":0,"23":0,"24":0,"28":0}},"/home/travis/build/npmtest/node-npmtest-parker/node_modules/parker/metrics/TotalUniqueColours.js":{"path":"/home/travis/build/npmtest/node-npmtest-parker/node_modules/parker/metrics/TotalUniqueColours.js","s":{"1":1,"2":1,"3":0,"4":0,"5":0,"6":1,"7":0,"8":0,"9":0,"10":0,"11":1,"12":0,"13":0,"14":0,"15":0},"b":{"1":[0,0],"2":[0,0]},"f":{"1":0,"2":0,"3":0,"4":0,"5":0},"fnMap":{"1":{"name":"(anonymous_1)","line":13,"loc":{"start":{"line":13,"column":13},"end":{"line":13,"column":30}}},"2":{"name":"(anonymous_2)","line":14,"loc":{"start":{"line":14,"column":41},"end":{"line":14,"column":62}}},"3":{"name":"(anonymous_3)","line":18,"loc":{"start":{"line":18,"column":12},"end":{"line":18,"column":42}}},"4":{"name":"(anonymous_4)","line":23,"loc":{"start":{"line":23,"column":21},"end":{"line":23,"column":38}}},"5":{"name":"(anonymous_5)","line":33,"loc":{"start":{"line":33,"column":22},"end":{"line":33,"column":40}}}},"statementMap":{"1":{"start":{"line":5,"column":0},"end":{"line":5,"column":26}},"2":{"start":{"line":7,"column":0},"end":{"line":21,"column":2}},"3":{"start":{"line":14,"column":8},"end":{"line":16,"column":11}},"4":{"start":{"line":15,"column":12},"end":{"line":15,"column":60}},"5":{"start":{"line":19,"column":8},"end":{"line":19,"column":45}},"6":{"start":{"line":23,"column":0},"end":{"line":31,"column":2}},"7":{"start":{"line":24,"column":4},"end":{"line":24,"column":56}},"8":{"start":{"line":26,"column":4},"end":{"line":28,"column":5}},"9":{"start":{"line":27,"column":8},"end":{"line":27,"column":25}},"10":{"start":{"line":30,"column":4},"end":{"line":30,"column":23}},"11":{"start":{"line":33,"column":0},"end":{"line":42,"column":2}},"12":{"start":{"line":34,"column":4},"end":{"line":39,"column":5}},"13":{"start":{"line":35,"column":8},"end":{"line":37,"column":36}},"14":{"start":{"line":38,"column":8},"end":{"line":38,"column":43}},"15":{"start":{"line":41,"column":4},"end":{"line":41,"column":18}}},"branchMap":{"1":{"line":26,"type":"if","locations":[{"start":{"line":26,"column":4},"end":{"line":26,"column":4}},{"start":{"line":26,"column":4},"end":{"line":26,"column":4}}]},"2":{"line":34,"type":"if","locations":[{"start":{"line":34,"column":4},"end":{"line":34,"column":4}},{"start":{"line":34,"column":4},"end":{"line":34,"column":4}}]}},"code":["/*! Parker v0.0.0 - MIT license */","","'use strict';","","var _ = require('lodash');","","module.exports = {","    id: 'total-unique-colours',","    name: 'Total Unique Colors',","    type: 'value',","    aggregate: 'length',","    format: 'number',","    measure: function (value) {","        return getColourHexes(value).map(function (colourHex) {","            return getLongHashForm(colourHex).toUpperCase();","        });","    },","    filter: function (value, index, self) {","        return self.indexOf(value) === index;","    }","};","","var getColourHexes = function (value) {","    var colourHexes = value.match(/#[0-9a-fA-F]{3,6}/g);","","    if (_.isNull(colourHexes)) {","        colourHexes = [];","    }","","    return colourHexes;","};","","var getLongHashForm = function (string) {","    if (string.length === 4) {","        var r = string.substring(1, 2),","            g = string.substring(2, 3),","            b = string.substring(3);","        return '#' + r + r + g + g + b + b;","    }","","    return string;","};"],"l":{"5":1,"7":1,"14":0,"15":0,"19":0,"23":1,"24":0,"26":0,"27":0,"30":0,"33":1,"34":0,"35":0,"38":0,"41":0}},"/home/travis/build/npmtest/node-npmtest-parker/node_modules/parker/metrics/UniqueColours.js":{"path":"/home/travis/build/npmtest/node-npmtest-parker/node_modules/parker/metrics/UniqueColours.js","s":{"1":1,"2":1,"3":0,"4":0,"5":0,"6":1,"7":0,"8":0,"9":0,"10":0,"11":1,"12":0,"13":0,"14":0,"15":0},"b":{"1":[0,0],"2":[0,0]},"f":{"1":0,"2":0,"3":0,"4":0,"5":0},"fnMap":{"1":{"name":"(anonymous_1)","line":13,"loc":{"start":{"line":13,"column":13},"end":{"line":13,"column":30}}},"2":{"name":"(anonymous_2)","line":14,"loc":{"start":{"line":14,"column":41},"end":{"line":14,"column":62}}},"3":{"name":"(anonymous_3)","line":18,"loc":{"start":{"line":18,"column":12},"end":{"line":18,"column":42}}},"4":{"name":"(anonymous_4)","line":23,"loc":{"start":{"line":23,"column":21},"end":{"line":23,"column":38}}},"5":{"name":"(anonymous_5)","line":33,"loc":{"start":{"line":33,"column":22},"end":{"line":33,"column":40}}}},"statementMap":{"1":{"start":{"line":5,"column":0},"end":{"line":5,"column":26}},"2":{"start":{"line":7,"column":0},"end":{"line":21,"column":2}},"3":{"start":{"line":14,"column":8},"end":{"line":16,"column":11}},"4":{"start":{"line":15,"column":12},"end":{"line":15,"column":60}},"5":{"start":{"line":19,"column":8},"end":{"line":19,"column":45}},"6":{"start":{"line":23,"column":0},"end":{"line":31,"column":2}},"7":{"start":{"line":24,"column":4},"end":{"line":24,"column":56}},"8":{"start":{"line":26,"column":4},"end":{"line":28,"column":5}},"9":{"start":{"line":27,"column":8},"end":{"line":27,"column":25}},"10":{"start":{"line":30,"column":4},"end":{"line":30,"column":23}},"11":{"start":{"line":33,"column":0},"end":{"line":42,"column":2}},"12":{"start":{"line":34,"column":4},"end":{"line":39,"column":5}},"13":{"start":{"line":35,"column":8},"end":{"line":37,"column":36}},"14":{"start":{"line":38,"column":8},"end":{"line":38,"column":43}},"15":{"start":{"line":41,"column":4},"end":{"line":41,"column":18}}},"branchMap":{"1":{"line":26,"type":"if","locations":[{"start":{"line":26,"column":4},"end":{"line":26,"column":4}},{"start":{"line":26,"column":4},"end":{"line":26,"column":4}}]},"2":{"line":34,"type":"if","locations":[{"start":{"line":34,"column":4},"end":{"line":34,"column":4}},{"start":{"line":34,"column":4},"end":{"line":34,"column":4}}]}},"code":["/*! Parker v0.0.0 - MIT license */","","'use strict';","","var _ = require('lodash');","","module.exports = {","    id: 'unique-colours',","    name: 'Unique Colors',","    type: 'value',","    aggregate: 'list',","    format: 'list',","    measure: function (value) {","        return getColourHexes(value).map(function (colourHex) {","            return getLongHashForm(colourHex).toUpperCase();","        });","    },","    filter: function (value, index, self) {","        return self.indexOf(value) === index;","    }","};","","var getColourHexes = function (value) {","    var colourHexes = value.match(/#[0-9a-fA-F]{3,6}/g);","","    if (_.isNull(colourHexes)) {","        colourHexes = [];","    }","","    return colourHexes;","};","","var getLongHashForm = function (string) {","    if (string.length === 4) {","        var r = string.substring(1, 2),","            g = string.substring(2, 3),","            b = string.substring(3);","        return '#' + r + r + g + g + b + b;","    }","","    return string;","};"],"l":{"5":1,"7":1,"14":0,"15":0,"19":0,"23":1,"24":0,"26":0,"27":0,"30":0,"33":1,"34":0,"35":0,"38":0,"41":0}},"/home/travis/build/npmtest/node-npmtest-parker/node_modules/parker/metrics/TotalImportantKeywords.js":{"path":"/home/travis/build/npmtest/node-npmtest-parker/node_modules/parker/metrics/TotalImportantKeywords.js","s":{"1":1,"2":1,"3":0,"4":0,"5":0},"b":{"1":[0,0]},"f":{"1":0},"fnMap":{"1":{"name":"(anonymous_1)","line":13,"loc":{"start":{"line":13,"column":13},"end":{"line":13,"column":30}}}},"statementMap":{"1":{"start":{"line":5,"column":0},"end":{"line":5,"column":26}},"2":{"start":{"line":7,"column":0},"end":{"line":18,"column":2}},"3":{"start":{"line":14,"column":8},"end":{"line":15,"column":21}},"4":{"start":{"line":15,"column":12},"end":{"line":15,"column":21}},"5":{"start":{"line":16,"column":8},"end":{"line":16,"column":17}}},"branchMap":{"1":{"line":14,"type":"if","locations":[{"start":{"line":14,"column":8},"end":{"line":14,"column":8}},{"start":{"line":14,"column":8},"end":{"line":14,"column":8}}]}},"code":["/*! Parker v0.0.0 - MIT license */","","'use strict';","","var _ = require('lodash');","","module.exports = {","    id: 'total-important-keywords',","    name: 'Total Important Keywords',","    type: 'value',","    aggregate: 'sum',","    format: 'number',","    measure: function (value) {","        if (value.match(/!important/g))","            return 1;","        return 0;","    }","};",""],"l":{"5":1,"7":1,"14":0,"15":0,"16":0}},"/home/travis/build/npmtest/node-npmtest-parker/node_modules/parker/metrics/TotalMediaQueries.js":{"path":"/home/travis/build/npmtest/node-npmtest-parker/node_modules/parker/metrics/TotalMediaQueries.js","s":{"1":1,"2":1,"3":0,"4":0},"b":{},"f":{"1":0,"2":0},"fnMap":{"1":{"name":"(anonymous_1)","line":13,"loc":{"start":{"line":13,"column":13},"end":{"line":13,"column":30}}},"2":{"name":"(anonymous_2)","line":16,"loc":{"start":{"line":16,"column":12},"end":{"line":16,"column":42}}}},"statementMap":{"1":{"start":{"line":5,"column":0},"end":{"line":5,"column":26}},"2":{"start":{"line":7,"column":0},"end":{"line":19,"column":2}},"3":{"start":{"line":14,"column":8},"end":{"line":14,"column":21}},"4":{"start":{"line":17,"column":8},"end":{"line":17,"column":45}}},"branchMap":{},"code":["/*! Parker v0.0.0 - MIT license */","","'use strict';","","var _ = require('lodash');","","module.exports = {","    id: 'total-media-queries',","    name: 'Total Media Queries',","    type: 'mediaquery',","    aggregate: 'length',","    format: 'number',","    measure: function (query) {","        return query;","    },","    filter: function (value, index, self) {","        return self.indexOf(value) === index;","    }","};"],"l":{"5":1,"7":1,"14":0,"17":0}},"/home/travis/build/npmtest/node-npmtest-parker/node_modules/parker/metrics/MediaQueries.js":{"path":"/home/travis/build/npmtest/node-npmtest-parker/node_modules/parker/metrics/MediaQueries.js","s":{"1":1,"2":1,"3":0,"4":0},"b":{},"f":{"1":0,"2":0},"fnMap":{"1":{"name":"(anonymous_1)","line":13,"loc":{"start":{"line":13,"column":13},"end":{"line":13,"column":30}}},"2":{"name":"(anonymous_2)","line":16,"loc":{"start":{"line":16,"column":12},"end":{"line":16,"column":42}}}},"statementMap":{"1":{"start":{"line":5,"column":0},"end":{"line":5,"column":26}},"2":{"start":{"line":7,"column":0},"end":{"line":19,"column":2}},"3":{"start":{"line":14,"column":8},"end":{"line":14,"column":21}},"4":{"start":{"line":17,"column":8},"end":{"line":17,"column":45}}},"branchMap":{},"code":["/*! Parker v0.0.0 - MIT license */","","'use strict';","","var _ = require('lodash');","","module.exports = {","    id: 'media-queries',","    name: 'Media Queries',","    type: 'mediaquery',","    aggregate: 'list',","    format: 'list',","    measure: function (query) {","        return query;","    },","    filter: function (value, index, self) {","        return self.indexOf(value) === index;","    }","};"],"l":{"5":1,"7":1,"14":0,"17":0}},"/home/travis/build/npmtest/node-npmtest-parker/node_modules/parker/lib/Formatters.js":{"path":"/home/travis/build/npmtest/node-npmtest-parker/node_modules/parker/lib/Formatters.js","s":{"1":1,"2":1,"3":0,"4":0,"5":0,"6":1,"7":0,"8":0,"9":0,"10":0,"11":0,"12":0,"13":1,"14":0,"15":0,"16":0,"17":0},"b":{},"f":{"1":0,"2":0,"3":0,"4":0,"5":0,"6":0,"7":0},"fnMap":{"1":{"name":"(anonymous_1)","line":10,"loc":{"start":{"line":10,"column":16},"end":{"line":10,"column":44}}},"2":{"name":"(anonymous_2)","line":12,"loc":{"start":{"line":12,"column":36},"end":{"line":12,"column":59}}},"3":{"name":"(anonymous_3)","line":18,"loc":{"start":{"line":18,"column":15},"end":{"line":18,"column":43}}},"4":{"name":"(anonymous_4)","line":19,"loc":{"start":{"line":19,"column":29},"end":{"line":19,"column":47}}},"5":{"name":"(anonymous_5)","line":22,"loc":{"start":{"line":22,"column":28},"end":{"line":22,"column":47}}},"6":{"name":"(anonymous_6)","line":29,"loc":{"start":{"line":29,"column":14},"end":{"line":29,"column":42}}},"7":{"name":"(anonymous_7)","line":31,"loc":{"start":{"line":31,"column":20},"end":{"line":31,"column":38}}}},"statementMap":{"1":{"start":{"line":5,"column":0},"end":{"line":6,"column":31}},"2":{"start":{"line":10,"column":0},"end":{"line":15,"column":2}},"3":{"start":{"line":11,"column":4},"end":{"line":11,"column":81}},"4":{"start":{"line":12,"column":4},"end":{"line":14,"column":11}},"5":{"start":{"line":13,"column":8},"end":{"line":13,"column":68}},"6":{"start":{"line":18,"column":0},"end":{"line":27,"column":2}},"7":{"start":{"line":19,"column":4},"end":{"line":21,"column":7}},"8":{"start":{"line":20,"column":8},"end":{"line":20,"column":25}},"9":{"start":{"line":22,"column":4},"end":{"line":25,"column":11}},"10":{"start":{"line":23,"column":8},"end":{"line":23,"column":30}},"11":{"start":{"line":24,"column":8},"end":{"line":24,"column":19}},"12":{"start":{"line":26,"column":4},"end":{"line":26,"column":40}},"13":{"start":{"line":29,"column":0},"end":{"line":36,"column":1}},"14":{"start":{"line":30,"column":4},"end":{"line":30,"column":23}},"15":{"start":{"line":31,"column":4},"end":{"line":33,"column":7}},"16":{"start":{"line":32,"column":8},"end":{"line":32,"column":55}},"17":{"start":{"line":35,"column":4},"end":{"line":35,"column":31}}},"branchMap":{},"code":["/*! Parker v0.0.0 - MIT license */","","'use strict';","","var _ = require('lodash'),","    clc = require('cli-color');","","","// formats output as human-friendly text","exports.human = function (metrics, results) {","    var logo = clc.red('PA') + clc.yellow('RK') + clc.green('ER') + '-JS' + \"\\n\";","    return logo + _.reduce(metrics, function (str, metric) {","        return str + metric.name + ': ' + results[metric.id] + '\\n';","    }, '');","};","","// formats output as JSON","exports.json = function (metrics, results) {","    var ids = _.map(metrics, function (metric) {","        return metric.id;","    });","    var obj = _.reduce(ids, function (obj, id) {","        obj[id] = results[id];","        return obj;","    }, {});","    return JSON.stringify(obj, null, 4);","};","","exports.csv = function (metrics, results) {","    var lineItems = [];","    _.each(metrics, function (metric) {","        lineItems.push('\"' + results[metric.id] + '\"');","    });","","    return lineItems.join(',');","}",""],"l":{"5":1,"10":1,"11":0,"12":0,"13":0,"18":1,"19":0,"20":0,"22":0,"23":0,"24":0,"26":0,"29":1,"30":0,"31":0,"32":0,"35":0}},"/home/travis/build/npmtest/node-npmtest-parker/node_modules/parker/lib/Info.js":{"path":"/home/travis/build/npmtest/node-npmtest-parker/node_modules/parker/lib/Info.js","s":{"1":1,"2":1,"3":0,"4":0,"5":0,"6":0},"b":{},"f":{"1":0,"2":0,"3":0},"fnMap":{"1":{"name":"(anonymous_1)","line":8,"loc":{"start":{"line":8,"column":13},"end":{"line":8,"column":24}}},"2":{"name":"(anonymous_2)","line":11,"loc":{"start":{"line":11,"column":10},"end":{"line":11,"column":21}}},"3":{"name":"(anonymous_3)","line":43,"loc":{"start":{"line":43,"column":18},"end":{"line":43,"column":32}}}},"statementMap":{"1":{"start":{"line":5,"column":0},"end":{"line":5,"column":37}},"2":{"start":{"line":7,"column":0},"end":{"line":45,"column":2}},"3":{"start":{"line":9,"column":8},"end":{"line":9,"column":51}},"4":{"start":{"line":12,"column":8},"end":{"line":12,"column":33}},"5":{"start":{"line":14,"column":8},"end":{"line":43,"column":55}},"6":{"start":{"line":43,"column":34},"end":{"line":43,"column":51}}},"branchMap":{},"code":["/*! Parker v0.0.0 - MIT license */","","'use strict';","","var pkg = require('../package.json');","","module.exports = {","    version: function() {","        console.log(pkg.name + ' v' + pkg.version);","    },","    help: function() {","        module.exports.version();","","        [","            pkg.description,","            '',","            'Usage:',","            'parker [arguments] [file...] Run Parker on specified files',","            '',","            'Example Local Usage:',","            'parker styles.css',","            '',","            'Example Stdin Usage:',","            'curl http://www.katiefenn.co.uk/css/shuttle.css -s | parker -s',","            '',","            'Arguments:',","            '',","            '-f                  Set output format (see list of formats)',","            '-h                  Shows help',","            '-n                  Show numeric results only',","            '-s                  Input CSS using stdin',","            '-v                  Show version number of Parker',","            '',","            'Formats Usage:',","            'parker -f \"human\"',","            '',","            'Formats List:',","            'human               Human-readable, newline separated format (default)',","            'json                JSON',","            'csv                 CSV',","            '',","            'For more information, see ' + pkg.homepage","        ].forEach(function(str) { console.log(str); });","    }","};",""],"l":{"5":1,"7":1,"9":0,"12":0,"14":0,"43":0}},"/home/travis/build/npmtest/node-npmtest-parker/node_modules/parker/lib/CliFormatter.js":{"path":"/home/travis/build/npmtest/node-npmtest-parker/node_modules/parker/lib/CliFormatter.js","s":{"1":1,"2":1,"3":1,"4":0,"5":0,"6":0,"7":0,"8":0,"9":1},"b":{},"f":{"1":0,"2":0,"3":0},"fnMap":{"1":{"name":"CliFormatter","line":7,"loc":{"start":{"line":7,"column":0},"end":{"line":7,"column":24}}},"2":{"name":"(anonymous_2)","line":11,"loc":{"start":{"line":11,"column":32},"end":{"line":11,"column":57}}},"3":{"name":"(anonymous_3)","line":13,"loc":{"start":{"line":13,"column":20},"end":{"line":13,"column":37}}}},"statementMap":{"1":{"start":{"line":5,"column":0},"end":{"line":5,"column":26}},"2":{"start":{"line":7,"column":0},"end":{"line":9,"column":1}},"3":{"start":{"line":11,"column":0},"end":{"line":19,"column":2}},"4":{"start":{"line":12,"column":1},"end":{"line":12,"column":17}},"5":{"start":{"line":13,"column":4},"end":{"line":16,"column":7}},"6":{"start":{"line":14,"column":8},"end":{"line":14,"column":55}},"7":{"start":{"line":15,"column":8},"end":{"line":15,"column":23}},"8":{"start":{"line":18,"column":1},"end":{"line":18,"column":15}},"9":{"start":{"line":21,"column":0},"end":{"line":21,"column":30}}},"branchMap":{},"code":["/*! Parker v0.0.0 - MIT license */","","'use strict';","","var _ = require('lodash');","","function CliFormatter() {","","}","","CliFormatter.prototype.format = function (data, metrics) {","\tvar output = '';","    _.each(metrics, function(metric) {","        output += metric.name + \": \" + data[metric.id];","        output += \"\\n\";","    });","","\treturn output;","};","","module.exports = CliFormatter;",""],"l":{"5":1,"7":1,"11":1,"12":0,"13":0,"14":0,"15":0,"18":0,"21":1}}}